
Start Time : 2021/05/30 12:16:05 

[ 2021/05/30 12:17:19 ]   recv id:23536 qr:0

[ 2021/05/30 12:17:19 ]   info from client.

[ 2021/05/30 12:17:19 ]   change id from 23536 to 31

[ 2021/05/30 12:17:19 ]   recv id:52352 qr:0

[ 2021/05/30 12:17:19 ]   info from client.

[ 2021/05/30 12:17:19 ]   change id from 52352 to 30

[ 2021/05/30 12:17:19 ]   recv id:53606 qr:0

[ 2021/05/30 12:17:19 ]   info from client.

[ 2021/05/30 12:17:19 ]   change id from 53606 to 29

[ 2021/05/30 12:17:19 ]   recv id:59943 qr:0

[ 2021/05/30 12:17:19 ]   info from client.

[ 2021/05/30 12:17:19 ]   change id from 59943 to 28

[ 2021/05/30 12:17:19 ]   recv id:40306 qr:0

[ 2021/05/30 12:17:19 ]   info from client.

[ 2021/05/30 12:17:19 ]   change id from 40306 to 27

[ 2021/05/30 12:17:19 ]   recv id:56180 qr:0

[ 2021/05/30 12:17:19 ]   info from client.

[ 2021/05/30 12:17:19 ]   change id from 56180 to 26

[ 2021/05/30 12:17:19 ]   recv id:46997 qr:0

[ 2021/05/30 12:17:19 ]   info from client.

[ 2021/05/30 12:17:19 ]   change id from 46997 to 25

[ 2021/05/30 12:17:19 ]   recv id:56598 qr:0

[ 2021/05/30 12:17:19 ]   info from client.

[ 2021/05/30 12:17:19 ]   change id from 56598 to 24

[ 2021/05/30 12:17:19 ]   recv id:8902 qr:0

[ 2021/05/30 12:17:19 ]   info from client.

[ 2021/05/30 12:17:19 ]   change id from 8902 to 23

[ 2021/05/30 12:17:19 ]   recv id:47277 qr:0

[ 2021/05/30 12:17:19 ]   info from client.

[ 2021/05/30 12:17:19 ]   change id from 47277 to 22

[ 2021/05/30 12:17:19 ]   recv id:9492 qr:0

[ 2021/05/30 12:17:19 ]   info from client.

[ 2021/05/30 12:17:19 ]   change id from 9492 to 21

[ 2021/05/30 12:17:19 ]   recv id:44778 qr:0

[ 2021/05/30 12:17:19 ]   info from client.

[ 2021/05/30 12:17:19 ]   change id from 44778 to 20

[ 2021/05/30 12:17:19 ]   recv id:37845 qr:0

[ 2021/05/30 12:17:19 ]   info from client.

[ 2021/05/30 12:17:19 ]   change id from 37845 to 19

[ 2021/05/30 12:17:19 ]   recv id:1772 qr:0

[ 2021/05/30 12:17:19 ]   info from client.

[ 2021/05/30 12:17:19 ]   change id from 1772 to 18

[ 2021/05/30 12:17:19 ]   recv id:7744 qr:0

[ 2021/05/30 12:17:19 ]   info from client.

[ 2021/05/30 12:17:19 ]   change id from 7744 to 17

[ 2021/05/30 12:17:19 ]   recv id:7241 qr:0

[ 2021/05/30 12:17:19 ]   info from client.

[ 2021/05/30 12:17:19 ]   change id from 7241 to 16

[ 2021/05/30 12:17:19 ]   recv id:59141 qr:0

[ 2021/05/30 12:17:19 ]   info from client.

[ 2021/05/30 12:17:19 ]   change id from 59141 to 15

[ 2021/05/30 12:17:19 ]   recv id:62472 qr:0

[ 2021/05/30 12:17:19 ]   info from client.

[ 2021/05/30 12:17:19 ]   change id from 62472 to 14

[ 2021/05/30 12:17:19 ]   recv id:19681 qr:0

[ 2021/05/30 12:17:19 ]   info from client.

[ 2021/05/30 12:17:19 ]   change id from 19681 to 13

[ 2021/05/30 12:17:19 ]   recv id:21398 qr:0

[ 2021/05/30 12:17:19 ]   info from client.

[ 2021/05/30 12:17:19 ]   change id from 21398 to 12

[ 2021/05/30 12:17:19 ]   recv id:56248 qr:0

[ 2021/05/30 12:17:19 ]   info from client.

[ 2021/05/30 12:17:19 ]   change id from 56248 to 11

[ 2021/05/30 12:17:19 ]   recv id:58217 qr:0

[ 2021/05/30 12:17:19 ]   info from client.

[ 2021/05/30 12:17:19 ]   change id from 58217 to 10

[ 2021/05/30 12:17:19 ]   recv id:10235 qr:0

[ 2021/05/30 12:17:19 ]   info from client.

[ 2021/05/30 12:17:19 ]   change id from 10235 to 9

[ 2021/05/30 12:17:19 ]   recv id:17287 qr:0

[ 2021/05/30 12:17:19 ]   info from client.

[ 2021/05/30 12:17:19 ]   change id from 17287 to 8

[ 2021/05/30 12:17:19 ]   recv id:24706 qr:0

[ 2021/05/30 12:17:19 ]   info from client.

[ 2021/05/30 12:17:19 ]   change id from 24706 to 7

[ 2021/05/30 12:17:19 ]   recv id:1830 qr:0

[ 2021/05/30 12:17:19 ]   info from client.

[ 2021/05/30 12:17:19 ]   change id from 1830 to 6

[ 2021/05/30 12:17:19 ]   recv id:27593 qr:0

[ 2021/05/30 12:17:19 ]   info from client.

[ 2021/05/30 12:17:19 ]   change id from 27593 to 5

[ 2021/05/30 12:17:19 ]   recv id:17020 qr:0

[ 2021/05/30 12:17:19 ]   info from client.

[ 2021/05/30 12:17:19 ]   change id from 17020 to 4

[ 2021/05/30 12:17:19 ]   recv id:27824 qr:0

[ 2021/05/30 12:17:19 ]   info from client.

[ 2021/05/30 12:17:19 ]   change id from 27824 to 3

[ 2021/05/30 12:17:19 ]   recv id:14844 qr:0

[ 2021/05/30 12:17:19 ]   info from client.

[ 2021/05/30 12:17:19 ]   change id from 14844 to 2

[ 2021/05/30 12:17:19 ]   recv id:21889 qr:0

[ 2021/05/30 12:17:19 ]   info from client.

[ 2021/05/30 12:17:19 ]   change id from 21889 to 1

[ 2021/05/30 12:17:19 ]   recv id:47900 qr:0

[ 2021/05/30 12:17:19 ]   info from client.

[ 2021/05/30 12:17:19 ]   change id from 47900 to 0

[ 2021/05/30 12:17:19 ]   recv id:16162 qr:0

[ 2021/05/30 12:17:19 ]   info from client.

[ 2021/05/30 12:17:19 ]   change id from 16162 to 32

[ 2021/05/30 12:17:19 ]   recv id:53606 qr:0

[ 2021/05/30 12:17:19 ]   info from client.

[ 2021/05/30 12:17:19 ]   change id from 53606 to 63

[ 2021/05/30 12:17:19 ]   recv id:59943 qr:0

[ 2021/05/30 12:17:19 ]   info from client.

[ 2021/05/30 12:17:19 ]   change id from 59943 to 62

[ 2021/05/30 12:17:19 ]   recv id:56598 qr:0

[ 2021/05/30 12:17:19 ]   info from client.

[ 2021/05/30 12:17:19 ]   change id from 56598 to 61

[ 2021/05/30 12:17:19 ]   recv id:56180 qr:0

[ 2021/05/30 12:17:19 ]   info from client.

[ 2021/05/30 12:17:19 ]   change id from 56180 to 60

[ 2021/05/30 12:17:19 ]   recv id:23536 qr:0

[ 2021/05/30 12:17:19 ]   info from client.

[ 2021/05/30 12:17:19 ]   change id from 23536 to 59

[ 2021/05/30 12:17:19 ]   recv id:40306 qr:0

[ 2021/05/30 12:17:19 ]   info from client.

[ 2021/05/30 12:17:19 ]   change id from 40306 to 58

[ 2021/05/30 12:17:19 ]   recv id:46997 qr:0

[ 2021/05/30 12:17:19 ]   info from client.

[ 2021/05/30 12:17:19 ]   change id from 46997 to 57

[ 2021/05/30 12:17:19 ]   recv id:52352 qr:0

[ 2021/05/30 12:17:19 ]   info from client.

[ 2021/05/30 12:17:19 ]   change id from 52352 to 56

[ 2021/05/30 12:17:19 ]   recv id:44778 qr:0

[ 2021/05/30 12:17:19 ]   info from client.

[ 2021/05/30 12:17:19 ]   change id from 44778 to 55

[ 2021/05/30 12:17:19 ]   recv id:47277 qr:0

[ 2021/05/30 12:17:19 ]   info from client.

[ 2021/05/30 12:17:19 ]   change id from 47277 to 54

[ 2021/05/30 12:17:19 ]   recv id:8902 qr:0

[ 2021/05/30 12:17:19 ]   info from client.

[ 2021/05/30 12:17:19 ]   change id from 8902 to 53

[ 2021/05/30 12:17:19 ]   recv id:37845 qr:0

[ 2021/05/30 12:17:19 ]   info from client.

[ 2021/05/30 12:17:19 ]   change id from 37845 to 52

[ 2021/05/30 12:17:19 ]   recv id:9492 qr:0

[ 2021/05/30 12:17:19 ]   info from client.

[ 2021/05/30 12:17:19 ]   change id from 9492 to 51

[ 2021/05/30 12:17:19 ]   recv id:1772 qr:0

[ 2021/05/30 12:17:19 ]   info from client.

[ 2021/05/30 12:17:19 ]   change id from 1772 to 50

[ 2021/05/30 12:17:19 ]   recv id:7744 qr:0

[ 2021/05/30 12:17:19 ]   info from client.

[ 2021/05/30 12:17:19 ]   change id from 7744 to 49

[ 2021/05/30 12:17:19 ]   recv id:7241 qr:0

[ 2021/05/30 12:17:19 ]   info from client.

[ 2021/05/30 12:17:19 ]   change id from 7241 to 48

[ 2021/05/30 12:17:19 ]   recv id:10235 qr:0

[ 2021/05/30 12:17:19 ]   info from client.

[ 2021/05/30 12:17:19 ]   change id from 10235 to 47

[ 2021/05/30 12:17:19 ]   recv id:56248 qr:0

[ 2021/05/30 12:17:19 ]   info from client.

[ 2021/05/30 12:17:19 ]   change id from 56248 to 46

[ 2021/05/30 12:17:19 ]   recv id:58217 qr:0

[ 2021/05/30 12:17:19 ]   info from client.

[ 2021/05/30 12:17:19 ]   change id from 58217 to 45

[ 2021/05/30 12:17:19 ]   recv id:21398 qr:0

[ 2021/05/30 12:17:19 ]   info from client.

[ 2021/05/30 12:17:19 ]   change id from 21398 to 44

[ 2021/05/30 12:17:19 ]   recv id:17287 qr:0

[ 2021/05/30 12:17:19 ]   info from client.

[ 2021/05/30 12:17:19 ]   change id from 17287 to 43

[ 2021/05/30 12:17:19 ]   recv id:59141 qr:0

[ 2021/05/30 12:17:19 ]   info from client.

[ 2021/05/30 12:17:19 ]   change id from 59141 to 42

[ 2021/05/30 12:17:19 ]   recv id:62472 qr:0

[ 2021/05/30 12:17:19 ]   info from client.

[ 2021/05/30 12:17:19 ]   change id from 62472 to 41

[ 2021/05/30 12:17:19 ]   recv id:19681 qr:0

[ 2021/05/30 12:17:19 ]   info from client.

[ 2021/05/30 12:17:19 ]   change id from 19681 to 40

[ 2021/05/30 12:17:19 ]   recv id:24706 qr:0

[ 2021/05/30 12:17:19 ]   info from client.

[ 2021/05/30 12:17:19 ]   change id from 24706 to 39

[ 2021/05/30 12:17:19 ]   recv id:14844 qr:0

[ 2021/05/30 12:17:19 ]   info from client.

[ 2021/05/30 12:17:19 ]   change id from 14844 to 38

[ 2021/05/30 12:17:19 ]   recv id:17020 qr:0

[ 2021/05/30 12:17:19 ]   info from client.

[ 2021/05/30 12:17:19 ]   change id from 17020 to 37

[ 2021/05/30 12:17:19 ]   recv id:27824 qr:0

[ 2021/05/30 12:17:19 ]   info from client.

[ 2021/05/30 12:17:19 ]   change id from 27824 to 36

[ 2021/05/30 12:17:19 ]   recv id:1830 qr:0

[ 2021/05/30 12:17:19 ]   info from client.

[ 2021/05/30 12:17:19 ]   change id from 1830 to 35

[ 2021/05/30 12:17:19 ]   recv id:27593 qr:0

[ 2021/05/30 12:17:19 ]   info from client.

[ 2021/05/30 12:17:19 ]   change id from 27593 to 34

[ 2021/05/30 12:17:19 ]   recv id:21889 qr:0

[ 2021/05/30 12:17:19 ]   info from client.

[ 2021/05/30 12:17:19 ]   change id from 21889 to 33

[ 2021/05/30 12:17:19 ]   recv id:47900 qr:0

[ 2021/05/30 12:17:19 ]   info from client.

[ 2021/05/30 12:17:19 ]   change id from 47900 to 32

[ 2021/05/30 12:17:19 ]   recv id:16162 qr:0

[ 2021/05/30 12:17:19 ]   info from client.

[ 2021/05/30 12:17:19 ]   change id from 16162 to 63

[ 2021/05/30 12:17:19 ]   recv id:19774 qr:0

[ 2021/05/30 12:17:19 ]   info from client.

[ 2021/05/30 12:17:19 ]   change id from 19774 to 62

[ 2021/05/30 12:17:19 ]   recv id:6939 qr:0

[ 2021/05/30 12:17:19 ]   info from client.

[ 2021/05/30 12:17:19 ]   change id from 6939 to 61

[ 2021/05/30 12:17:19 ]   recv id:55630 qr:0

[ 2021/05/30 12:17:19 ]   info from client.

[ 2021/05/30 12:17:19 ]   change id from 55630 to 60

[ 2021/05/30 12:17:19 ]   recv id:8902 qr:0

[ 2021/05/30 12:17:19 ]   info from client.

[ 2021/05/30 12:17:19 ]   change id from 8902 to 59

[ 2021/05/30 12:17:19 ]   recv id:9492 qr:0

[ 2021/05/30 12:17:19 ]   info from client.

[ 2021/05/30 12:17:19 ]   change id from 9492 to 58

[ 2021/05/30 12:17:19 ]   recv id:44778 qr:0

[ 2021/05/30 12:17:19 ]   info from client.

[ 2021/05/30 12:17:19 ]   change id from 44778 to 57

[ 2021/05/30 12:17:19 ]   recv id:40306 qr:0

[ 2021/05/30 12:17:19 ]   info from client.

[ 2021/05/30 12:17:19 ]   change id from 40306 to 56

[ 2021/05/30 12:17:19 ]   recv id:52352 qr:0

[ 2021/05/30 12:17:19 ]   info from client.

[ 2021/05/30 12:17:19 ]   change id from 52352 to 55

[ 2021/05/30 12:17:19 ]   recv id:59943 qr:0

[ 2021/05/30 12:17:19 ]   info from client.

[ 2021/05/30 12:17:19 ]   change id from 59943 to 54

[ 2021/05/30 12:17:19 ]   recv id:56180 qr:0

[ 2021/05/30 12:17:19 ]   info from client.

[ 2021/05/30 12:17:19 ]   change id from 56180 to 53

[ 2021/05/30 12:17:19 ]   recv id:56598 qr:0

[ 2021/05/30 12:17:19 ]   info from client.

[ 2021/05/30 12:17:19 ]   change id from 56598 to 52

[ 2021/05/30 12:17:19 ]   recv id:23536 qr:0

[ 2021/05/30 12:17:19 ]   info from client.

[ 2021/05/30 12:17:19 ]   change id from 23536 to 51

[ 2021/05/30 12:17:19 ]   recv id:7744 qr:0

[ 2021/05/30 12:17:19 ]   info from client.

[ 2021/05/30 12:17:19 ]   change id from 7744 to 50

[ 2021/05/30 12:17:19 ]   recv id:37845 qr:0

[ 2021/05/30 12:17:19 ]   info from client.

[ 2021/05/30 12:17:19 ]   change id from 37845 to 49

[ 2021/05/30 12:17:19 ]   recv id:46997 qr:0

[ 2021/05/30 12:17:19 ]   info from client.

[ 2021/05/30 12:17:19 ]   change id from 46997 to 48

[ 2021/05/30 12:17:19 ]   recv id:53606 qr:0

[ 2021/05/30 12:17:19 ]   info from client.

[ 2021/05/30 12:17:19 ]   change id from 53606 to 47

[ 2021/05/30 12:17:19 ]   recv id:27824 qr:0

[ 2021/05/30 12:17:19 ]   info from client.

[ 2021/05/30 12:17:19 ]   change id from 27824 to 46

[ 2021/05/30 12:17:19 ]   recv id:17020 qr:0

[ 2021/05/30 12:17:19 ]   info from client.

[ 2021/05/30 12:17:19 ]   change id from 17020 to 45

[ 2021/05/30 12:17:19 ]   recv id:27593 qr:0

[ 2021/05/30 12:17:19 ]   info from client.

[ 2021/05/30 12:17:19 ]   change id from 27593 to 44

[ 2021/05/30 12:17:19 ]   recv id:1830 qr:0

[ 2021/05/30 12:17:19 ]   info from client.

[ 2021/05/30 12:17:19 ]   change id from 1830 to 43

[ 2021/05/30 12:17:19 ]   recv id:21889 qr:0

[ 2021/05/30 12:17:19 ]   info from client.

[ 2021/05/30 12:17:19 ]   change id from 21889 to 42

[ 2021/05/30 12:17:19 ]   recv id:1772 qr:0

[ 2021/05/30 12:17:19 ]   info from client.

[ 2021/05/30 12:17:19 ]   change id from 1772 to 41

[ 2021/05/30 12:17:19 ]   recv id:21398 qr:0

[ 2021/05/30 12:17:19 ]   info from client.

[ 2021/05/30 12:17:19 ]   change id from 21398 to 40

[ 2021/05/30 12:17:19 ]   recv id:17287 qr:0

[ 2021/05/30 12:17:19 ]   info from client.

[ 2021/05/30 12:17:19 ]   change id from 17287 to 39

[ 2021/05/30 12:17:19 ]   recv id:19681 qr:0

[ 2021/05/30 12:17:19 ]   info from client.

[ 2021/05/30 12:17:19 ]   change id from 19681 to 38

[ 2021/05/30 12:17:19 ]   recv id:56248 qr:0

[ 2021/05/30 12:17:19 ]   info from client.

[ 2021/05/30 12:17:19 ]   change id from 56248 to 37

[ 2021/05/30 12:17:19 ]   recv id:62472 qr:0

[ 2021/05/30 12:17:19 ]   info from client.

[ 2021/05/30 12:17:19 ]   change id from 62472 to 36

[ 2021/05/30 12:17:19 ]   recv id:59141 qr:0

[ 2021/05/30 12:17:19 ]   info from client.

[ 2021/05/30 12:17:19 ]   change id from 59141 to 35

[ 2021/05/30 12:17:19 ]   recv id:47900 qr:0

[ 2021/05/30 12:17:19 ]   info from client.

[ 2021/05/30 12:17:19 ]   change id from 47900 to 34

[ 2021/05/30 12:17:19 ]   recv id:7241 qr:0

[ 2021/05/30 12:17:19 ]   info from client.

[ 2021/05/30 12:17:19 ]   change id from 7241 to 33

[ 2021/05/30 12:17:19 ]   recv id:58217 qr:0

[ 2021/05/30 12:17:19 ]   info from client.

[ 2021/05/30 12:17:19 ]   change id from 58217 to 32

[ 2021/05/30 12:17:19 ]   recv id:24706 qr:0

[ 2021/05/30 12:17:19 ]   info from client.

[ 2021/05/30 12:17:19 ]   change id from 24706 to 63

[ 2021/05/30 12:17:19 ]   recv id:10235 qr:0

[ 2021/05/30 12:17:19 ]   info from client.

[ 2021/05/30 12:17:19 ]   change id from 10235 to 62

[ 2021/05/30 12:17:19 ]   recv id:14844 qr:0

[ 2021/05/30 12:17:19 ]   info from client.

[ 2021/05/30 12:17:19 ]   change id from 14844 to 61

[ 2021/05/30 12:17:19 ]   recv id:16162 qr:0

[ 2021/05/30 12:17:19 ]   info from client.

[ 2021/05/30 12:17:19 ]   change id from 16162 to 60

[ 2021/05/30 12:17:19 ]   recv id:47277 qr:0

[ 2021/05/30 12:17:19 ]   info from client.

[ 2021/05/30 12:17:19 ]   change id from 47277 to 59

[ 2021/05/30 12:17:19 ]   recv id:6939 qr:0

[ 2021/05/30 12:17:19 ]   info from client.

[ 2021/05/30 12:17:19 ]   change id from 6939 to 58

[ 2021/05/30 12:17:19 ]   recv id:19774 qr:0

[ 2021/05/30 12:17:19 ]   info from client.

[ 2021/05/30 12:17:19 ]   change id from 19774 to 57

[ 2021/05/30 12:17:19 ]   recv id:55630 qr:0

[ 2021/05/30 12:17:19 ]   info from client.

[ 2021/05/30 12:17:19 ]   change id from 55630 to 56

[ 2021/05/30 12:17:19 ]   recv id:19774 qr:0

[ 2021/05/30 12:17:19 ]   info from client.

[ 2021/05/30 12:17:19 ]   change id from 19774 to 55

[ 2021/05/30 12:17:19 ]   recv id:6939 qr:0

[ 2021/05/30 12:17:19 ]   info from client.

[ 2021/05/30 12:17:19 ]   change id from 6939 to 54

[ 2021/05/30 12:17:19 ]   recv id:55630 qr:0

[ 2021/05/30 12:17:19 ]   info from client.

[ 2021/05/30 12:17:19 ]   change id from 55630 to 53

[ 2021/05/30 12:17:19 ]   recv id:9492 qr:0

[ 2021/05/30 12:17:19 ]   info from client.

[ 2021/05/30 12:17:19 ]   change id from 9492 to 52

[ 2021/05/30 12:17:19 ]   recv id:16162 qr:0

[ 2021/05/30 12:17:19 ]   info from client.

[ 2021/05/30 12:17:19 ]   change id from 16162 to 51

[ 2021/05/30 12:17:19 ]   recv id:58217 qr:0

[ 2021/05/30 12:17:19 ]   info from client.

[ 2021/05/30 12:17:19 ]   change id from 58217 to 50

[ 2021/05/30 12:17:19 ]   recv id:24706 qr:0

[ 2021/05/30 12:17:19 ]   info from client.

[ 2021/05/30 12:17:19 ]   change id from 24706 to 49

[ 2021/05/30 12:17:19 ]   recv id:56248 qr:0

[ 2021/05/30 12:17:19 ]   info from client.

[ 2021/05/30 12:17:19 ]   change id from 56248 to 48

[ 2021/05/30 12:17:19 ]   recv id:21398 qr:0

[ 2021/05/30 12:17:19 ]   info from client.

[ 2021/05/30 12:17:19 ]   change id from 21398 to 47

[ 2021/05/30 12:17:19 ]   recv id:19681 qr:0

[ 2021/05/30 12:17:19 ]   info from client.

[ 2021/05/30 12:17:19 ]   change id from 19681 to 46

[ 2021/05/30 12:17:19 ]   recv id:7241 qr:0

[ 2021/05/30 12:17:19 ]   info from client.

[ 2021/05/30 12:17:19 ]   change id from 7241 to 45

[ 2021/05/30 12:17:19 ]   recv id:10235 qr:0

[ 2021/05/30 12:17:19 ]   info from client.

[ 2021/05/30 12:17:19 ]   change id from 10235 to 44

[ 2021/05/30 12:17:19 ]   recv id:59141 qr:0

[ 2021/05/30 12:17:19 ]   info from client.

[ 2021/05/30 12:17:19 ]   change id from 59141 to 43

[ 2021/05/30 12:17:19 ]   recv id:17287 qr:0

[ 2021/05/30 12:17:20 ]   info from client.

[ 2021/05/30 12:17:20 ]   change id from 17287 to 42

[ 2021/05/30 12:17:20 ]   recv id:62472 qr:0

[ 2021/05/30 12:17:20 ]   info from client.

[ 2021/05/30 12:17:20 ]   change id from 62472 to 41

[ 2021/05/30 12:17:20 ]   recv id:44778 qr:0

[ 2021/05/30 12:17:20 ]   info from client.

[ 2021/05/30 12:17:20 ]   change id from 44778 to 40

[ 2021/05/30 12:17:20 ]   recv id:47900 qr:0

[ 2021/05/30 12:17:20 ]   info from client.

[ 2021/05/30 12:17:20 ]   change id from 47900 to 39

[ 2021/05/30 12:17:20 ]   recv id:14844 qr:0

[ 2021/05/30 12:17:20 ]   info from client.

[ 2021/05/30 12:17:20 ]   change id from 14844 to 38

[ 2021/05/30 12:17:20 ]   recv id:47277 qr:0

[ 2021/05/30 12:17:20 ]   info from client.

[ 2021/05/30 12:17:20 ]   change id from 47277 to 37

[ 2021/05/30 12:17:20 ]   recv id:23536 qr:0

[ 2021/05/30 12:17:20 ]   info from client.

[ 2021/05/30 12:17:20 ]   change id from 23536 to 36

[ 2021/05/30 12:17:20 ]   recv id:52352 qr:0

[ 2021/05/30 12:17:20 ]   info from client.

[ 2021/05/30 12:17:20 ]   change id from 52352 to 35

[ 2021/05/30 12:17:20 ]   recv id:59943 qr:0

[ 2021/05/30 12:17:20 ]   info from client.

[ 2021/05/30 12:17:20 ]   change id from 59943 to 34

[ 2021/05/30 12:17:20 ]   recv id:7744 qr:0

[ 2021/05/30 12:17:20 ]   info from client.

[ 2021/05/30 12:17:20 ]   change id from 7744 to 33

[ 2021/05/30 12:17:20 ]   recv id:1772 qr:0

[ 2021/05/30 12:17:20 ]   info from client.

[ 2021/05/30 12:17:20 ]   change id from 1772 to 32

[ 2021/05/30 12:17:20 ]   recv id:27593 qr:0

[ 2021/05/30 12:17:20 ]   info from client.

[ 2021/05/30 12:17:20 ]   change id from 27593 to 63

[ 2021/05/30 12:17:20 ]   recv id:21889 qr:0

[ 2021/05/30 12:17:20 ]   info from client.

[ 2021/05/30 12:17:20 ]   change id from 21889 to 62

[ 2021/05/30 12:17:20 ]   recv id:17020 qr:0

[ 2021/05/30 12:17:20 ]   info from client.

[ 2021/05/30 12:17:20 ]   change id from 17020 to 61

[ 2021/05/30 12:17:20 ]   recv id:27824 qr:0

[ 2021/05/30 12:17:20 ]   info from client.

[ 2021/05/30 12:17:20 ]   change id from 27824 to 60

[ 2021/05/30 12:17:20 ]   recv id:1830 qr:0

[ 2021/05/30 12:17:20 ]   info from client.

[ 2021/05/30 12:17:20 ]   change id from 1830 to 59

[ 2021/05/30 12:17:20 ]   recv id:37845 qr:0

[ 2021/05/30 12:17:20 ]   info from client.

[ 2021/05/30 12:17:20 ]   change id from 37845 to 58

[ 2021/05/30 12:17:20 ]   recv id:46997 qr:0

[ 2021/05/30 12:17:20 ]   info from client.

[ 2021/05/30 12:17:20 ]   change id from 46997 to 57

[ 2021/05/30 12:17:20 ]   recv id:56180 qr:0

[ 2021/05/30 12:17:20 ]   info from client.

[ 2021/05/30 12:17:20 ]   change id from 56180 to 56

[ 2021/05/30 12:17:20 ]   recv id:53606 qr:0

[ 2021/05/30 12:17:20 ]   info from client.

[ 2021/05/30 12:17:20 ]   change id from 53606 to 55

[ 2021/05/30 12:17:20 ]   recv id:56598 qr:0

[ 2021/05/30 12:17:20 ]   info from client.

[ 2021/05/30 12:17:20 ]   change id from 56598 to 54

[ 2021/05/30 12:17:20 ]   recv id:8902 qr:0

[ 2021/05/30 12:17:20 ]   info from client.

[ 2021/05/30 12:17:20 ]   change id from 8902 to 53

[ 2021/05/30 12:17:20 ]   recv id:40306 qr:0

[ 2021/05/30 12:17:20 ]   info from client.

[ 2021/05/30 12:17:20 ]   change id from 40306 to 52

[ 2021/05/30 12:17:20 ]   recv id:50122 qr:0

[ 2021/05/30 12:17:20 ]   info from client.

[ 2021/05/30 12:17:20 ]   change id from 50122 to 51

[ 2021/05/30 12:17:20 ]   recv id:3989 qr:0

[ 2021/05/30 12:17:20 ]   info from client.

[ 2021/05/30 12:17:20 ]   change id from 3989 to 50

[ 2021/05/30 12:17:20 ]   recv id:50122 qr:0

[ 2021/05/30 12:17:20 ]   info from client.

[ 2021/05/30 12:17:20 ]   change id from 50122 to 49

[ 2021/05/30 12:17:20 ]   recv id:26750 qr:0

[ 2021/05/30 12:17:20 ]   info from client.

[ 2021/05/30 12:17:20 ]   change id from 26750 to 48

[ 2021/05/30 12:17:20 ]   recv id:49290 qr:0

[ 2021/05/30 12:17:20 ]   info from client.

[ 2021/05/30 12:17:20 ]   change id from 49290 to 47

[ 2021/05/30 12:17:20 ]   recv id:55630 qr:0

[ 2021/05/30 12:17:20 ]   info from client.

[ 2021/05/30 12:17:20 ]   change id from 55630 to 46

[ 2021/05/30 12:17:20 ]   recv id:19774 qr:0

[ 2021/05/30 12:17:20 ]   info from client.

[ 2021/05/30 12:17:20 ]   change id from 19774 to 45

[ 2021/05/30 12:17:20 ]   recv id:6939 qr:0

[ 2021/05/30 12:17:20 ]   info from client.

[ 2021/05/30 12:17:20 ]   change id from 6939 to 44

[ 2021/05/30 12:17:20 ]   recv id:3989 qr:0

[ 2021/05/30 12:17:20 ]   info from client.

[ 2021/05/30 12:17:20 ]   change id from 3989 to 43

[ 2021/05/30 12:17:20 ]   recv id:50122 qr:0

[ 2021/05/30 12:17:20 ]   info from client.

[ 2021/05/30 12:17:20 ]   change id from 50122 to 42

[ 2021/05/30 12:17:20 ]   recv id:26750 qr:0

[ 2021/05/30 12:17:20 ]   info from client.

[ 2021/05/30 12:17:20 ]   change id from 26750 to 41

[ 2021/05/30 12:17:20 ]   recv id:49290 qr:0

[ 2021/05/30 12:17:20 ]   info from client.

[ 2021/05/30 12:17:20 ]   change id from 49290 to 40

[ 2021/05/30 12:17:20 ]   recv id:3989 qr:0

[ 2021/05/30 12:17:20 ]   info from client.

[ 2021/05/30 12:17:20 ]   change id from 3989 to 39

[ 2021/05/30 12:17:20 ]   recv id:51174 qr:0

[ 2021/05/30 12:17:20 ]   info from client.

[ 2021/05/30 12:17:20 ]   change id from 51174 to 38

[ 2021/05/30 12:17:20 ]   recv id:26750 qr:0

[ 2021/05/30 12:17:20 ]   info from client.

[ 2021/05/30 12:17:20 ]   change id from 26750 to 37

[ 2021/05/30 12:17:20 ]   recv id:49290 qr:0

[ 2021/05/30 12:17:20 ]   info from client.

[ 2021/05/30 12:17:20 ]   change id from 49290 to 36

[ 2021/05/30 12:17:20 ]   recv id:51174 qr:0

[ 2021/05/30 12:17:20 ]   info from client.

[ 2021/05/30 12:17:20 ]   change id from 51174 to 35

[ 2021/05/30 12:17:20 ]   recv id:31379 qr:0

[ 2021/05/30 12:17:20 ]   info from client.

[ 2021/05/30 12:17:20 ]   change id from 31379 to 34

[ 2021/05/30 12:17:20 ]   recv id:58217 qr:0

[ 2021/05/30 12:17:20 ]   info from client.

[ 2021/05/30 12:17:20 ]   change id from 58217 to 33

[ 2021/05/30 12:17:20 ]   recv id:16162 qr:0

[ 2021/05/30 12:17:20 ]   info from client.

[ 2021/05/30 12:17:20 ]   change id from 16162 to 32

[ 2021/05/30 12:17:20 ]   recv id:19681 qr:0

[ 2021/05/30 12:17:20 ]   info from client.

[ 2021/05/30 12:17:20 ]   change id from 19681 to 63

[ 2021/05/30 12:17:20 ]   recv id:24706 qr:0

[ 2021/05/30 12:17:20 ]   info from client.

[ 2021/05/30 12:17:20 ]   change id from 24706 to 62

[ 2021/05/30 12:17:20 ]   recv id:52352 qr:0

[ 2021/05/30 12:17:20 ]   info from client.

[ 2021/05/30 12:17:20 ]   change id from 52352 to 61

[ 2021/05/30 12:17:20 ]   recv id:59943 qr:0

[ 2021/05/30 12:17:20 ]   info from client.

[ 2021/05/30 12:17:20 ]   change id from 59943 to 60

[ 2021/05/30 12:17:20 ]   recv id:21889 qr:0

[ 2021/05/30 12:17:20 ]   info from client.

[ 2021/05/30 12:17:20 ]   change id from 21889 to 59

[ 2021/05/30 12:17:20 ]   recv id:7241 qr:0

[ 2021/05/30 12:17:20 ]   info from client.

[ 2021/05/30 12:17:20 ]   change id from 7241 to 58

[ 2021/05/30 12:17:20 ]   recv id:7744 qr:0

[ 2021/05/30 12:17:20 ]   info from client.

[ 2021/05/30 12:17:20 ]   change id from 7744 to 57

[ 2021/05/30 12:17:20 ]   recv id:23536 qr:0

[ 2021/05/30 12:17:20 ]   info from client.

[ 2021/05/30 12:17:20 ]   change id from 23536 to 56

[ 2021/05/30 12:17:20 ]   recv id:14844 qr:0

[ 2021/05/30 12:17:20 ]   info from client.

[ 2021/05/30 12:17:20 ]   change id from 14844 to 55

[ 2021/05/30 12:17:20 ]   recv id:27824 qr:0

[ 2021/05/30 12:17:20 ]   info from client.

[ 2021/05/30 12:17:20 ]   change id from 27824 to 54

[ 2021/05/30 12:17:20 ]   recv id:44778 qr:0

[ 2021/05/30 12:17:20 ]   info from client.

[ 2021/05/30 12:17:20 ]   change id from 44778 to 53

[ 2021/05/30 12:17:20 ]   recv id:47277 qr:0

[ 2021/05/30 12:17:20 ]   info from client.

[ 2021/05/30 12:17:20 ]   change id from 47277 to 52

[ 2021/05/30 12:17:20 ]   recv id:17287 qr:0

[ 2021/05/30 12:17:20 ]   info from client.

[ 2021/05/30 12:17:20 ]   change id from 17287 to 51

[ 2021/05/30 12:17:20 ]   recv id:10235 qr:0

[ 2021/05/30 12:17:20 ]   info from client.

[ 2021/05/30 12:17:20 ]   change id from 10235 to 50

[ 2021/05/30 12:17:20 ]   recv id:62472 qr:0

[ 2021/05/30 12:17:20 ]   info from client.

[ 2021/05/30 12:17:20 ]   change id from 62472 to 49

[ 2021/05/30 12:17:20 ]   recv id:59141 qr:0

[ 2021/05/30 12:17:20 ]   info from client.

[ 2021/05/30 12:17:20 ]   change id from 59141 to 48

[ 2021/05/30 12:17:20 ]   recv id:56248 qr:0

[ 2021/05/30 12:17:20 ]   info from client.

[ 2021/05/30 12:17:20 ]   change id from 56248 to 47

[ 2021/05/30 12:17:20 ]   recv id:1772 qr:0

[ 2021/05/30 12:17:20 ]   info from client.

[ 2021/05/30 12:17:20 ]   change id from 1772 to 46

[ 2021/05/30 12:17:20 ]   recv id:27593 qr:0

[ 2021/05/30 12:17:20 ]   info from client.

[ 2021/05/30 12:17:20 ]   change id from 27593 to 45

[ 2021/05/30 12:17:20 ]   recv id:47900 qr:0

[ 2021/05/30 12:17:20 ]   info from client.

[ 2021/05/30 12:17:20 ]   change id from 47900 to 44

[ 2021/05/30 12:17:20 ]   recv id:21398 qr:0

[ 2021/05/30 12:17:20 ]   info from client.

[ 2021/05/30 12:17:20 ]   change id from 21398 to 43

[ 2021/05/30 12:17:20 ]   recv id:56598 qr:0

[ 2021/05/30 12:17:20 ]   info from client.

[ 2021/05/30 12:17:20 ]   change id from 56598 to 42

[ 2021/05/30 12:17:20 ]   recv id:53606 qr:0

[ 2021/05/30 12:17:20 ]   info from client.

[ 2021/05/30 12:17:20 ]   change id from 53606 to 41

[ 2021/05/30 12:17:20 ]   recv id:8902 qr:0

[ 2021/05/30 12:17:20 ]   info from client.

[ 2021/05/30 12:17:20 ]   change id from 8902 to 40

[ 2021/05/30 12:17:20 ]   recv id:40306 qr:0

[ 2021/05/30 12:17:20 ]   info from client.

[ 2021/05/30 12:17:20 ]   change id from 40306 to 39

[ 2021/05/30 12:17:20 ]   recv id:1830 qr:0

[ 2021/05/30 12:17:20 ]   info from client.

[ 2021/05/30 12:17:20 ]   change id from 1830 to 38

[ 2021/05/30 12:17:20 ]   recv id:37845 qr:0

[ 2021/05/30 12:17:20 ]   info from client.

[ 2021/05/30 12:17:20 ]   change id from 37845 to 37

[ 2021/05/30 12:17:20 ]   recv id:17020 qr:0

[ 2021/05/30 12:17:20 ]   info from client.

[ 2021/05/30 12:17:20 ]   change id from 17020 to 36

[ 2021/05/30 12:17:20 ]   recv id:56180 qr:0

[ 2021/05/30 12:17:20 ]   info from client.

[ 2021/05/30 12:17:20 ]   change id from 56180 to 35

[ 2021/05/30 12:17:20 ]   recv id:46997 qr:0

[ 2021/05/30 12:17:20 ]   info from client.

[ 2021/05/30 12:17:20 ]   change id from 46997 to 34

[ 2021/05/30 12:17:20 ]   recv id:9492 qr:0

[ 2021/05/30 12:17:20 ]   info from client.

[ 2021/05/30 12:17:20 ]   change id from 9492 to 33

[ 2021/05/30 12:17:20 ]   recv id:62840 qr:0

[ 2021/05/30 12:17:20 ]   info from client.

[ 2021/05/30 12:17:20 ]   change id from 62840 to 32

[ 2021/05/30 12:17:20 ]   recv id:50122 qr:0

[ 2021/05/30 12:17:20 ]   info from client.

[ 2021/05/30 12:17:20 ]   change id from 50122 to 63

[ 2021/05/30 12:17:20 ]   recv id:29272 qr:0

[ 2021/05/30 12:17:20 ]   info from client.

[ 2021/05/30 12:17:20 ]   change id from 29272 to 62

[ 2021/05/30 12:17:20 ]   recv id:49731 qr:0

[ 2021/05/30 12:17:20 ]   info from client.

[ 2021/05/30 12:17:20 ]   change id from 49731 to 61

[ 2021/05/30 12:17:20 ]   recv id:45041 qr:0

[ 2021/05/30 12:17:20 ]   info from client.

[ 2021/05/30 12:17:20 ]   change id from 45041 to 60

[ 2021/05/30 12:17:20 ]   recv id:3989 qr:0

[ 2021/05/30 12:17:20 ]   info from client.

[ 2021/05/30 12:17:20 ]   change id from 3989 to 59

[ 2021/05/30 12:17:20 ]   recv id:64216 qr:0

[ 2021/05/30 12:17:20 ]   info from client.

[ 2021/05/30 12:17:20 ]   change id from 64216 to 58

[ 2021/05/30 12:17:20 ]   recv id:1496 qr:0

[ 2021/05/30 12:17:20 ]   info from client.

[ 2021/05/30 12:17:20 ]   change id from 1496 to 57

[ 2021/05/30 12:17:20 ]   recv id:42906 qr:0

[ 2021/05/30 12:17:20 ]   info from client.

[ 2021/05/30 12:17:20 ]   change id from 42906 to 56

[ 2021/05/30 12:17:20 ]   recv id:51174 qr:0

[ 2021/05/30 12:17:20 ]   info from client.

[ 2021/05/30 12:17:20 ]   change id from 51174 to 55

[ 2021/05/30 12:17:20 ]   recv id:31379 qr:0

[ 2021/05/30 12:17:20 ]   info from client.

[ 2021/05/30 12:17:20 ]   change id from 31379 to 54

[ 2021/05/30 12:17:20 ]   recv id:8946 qr:0

[ 2021/05/30 12:17:20 ]   info from client.

[ 2021/05/30 12:17:20 ]   change id from 8946 to 53

[ 2021/05/30 12:17:20 ]   recv id:62840 qr:0

[ 2021/05/30 12:17:20 ]   info from client.

[ 2021/05/30 12:17:20 ]   change id from 62840 to 52

[ 2021/05/30 12:17:20 ]   recv id:26750 qr:0

[ 2021/05/30 12:17:20 ]   info from client.

[ 2021/05/30 12:17:20 ]   change id from 26750 to 51

[ 2021/05/30 12:17:20 ]   recv id:49290 qr:0

[ 2021/05/30 12:17:20 ]   info from client.

[ 2021/05/30 12:17:20 ]   change id from 49290 to 50

[ 2021/05/30 12:17:20 ]   recv id:19774 qr:0

[ 2021/05/30 12:17:20 ]   info from client.

[ 2021/05/30 12:17:20 ]   change id from 19774 to 49

[ 2021/05/30 12:17:20 ]   recv id:6939 qr:0

[ 2021/05/30 12:17:20 ]   info from client.

[ 2021/05/30 12:17:20 ]   change id from 6939 to 48

[ 2021/05/30 12:17:20 ]   recv id:55630 qr:0

[ 2021/05/30 12:17:20 ]   info from client.

[ 2021/05/30 12:17:20 ]   change id from 55630 to 47

[ 2021/05/30 12:17:20 ]   recv id:49731 qr:0

[ 2021/05/30 12:17:20 ]   info from client.

[ 2021/05/30 12:17:20 ]   change id from 49731 to 46

[ 2021/05/30 12:17:20 ]   recv id:29272 qr:0

[ 2021/05/30 12:17:20 ]   info from client.

[ 2021/05/30 12:17:20 ]   change id from 29272 to 45

[ 2021/05/30 12:17:20 ]   recv id:64216 qr:0

[ 2021/05/30 12:17:20 ]   info from client.

[ 2021/05/30 12:17:20 ]   change id from 64216 to 44

[ 2021/05/30 12:17:20 ]   recv id:45041 qr:0

[ 2021/05/30 12:17:20 ]   info from client.

[ 2021/05/30 12:17:20 ]   change id from 45041 to 43

[ 2021/05/30 12:17:20 ]   recv id:1496 qr:0

[ 2021/05/30 12:17:20 ]   info from client.

[ 2021/05/30 12:17:20 ]   change id from 1496 to 42

[ 2021/05/30 12:17:20 ]   recv id:42906 qr:0

[ 2021/05/30 12:17:20 ]   info from client.

[ 2021/05/30 12:17:20 ]   change id from 42906 to 41

[ 2021/05/30 12:17:20 ]   recv id:31379 qr:0

[ 2021/05/30 12:17:20 ]   info from client.

[ 2021/05/30 12:17:20 ]   change id from 31379 to 40

[ 2021/05/30 12:17:20 ]   recv id:8946 qr:0

[ 2021/05/30 12:17:20 ]   info from client.

[ 2021/05/30 12:17:20 ]   change id from 8946 to 39

[ 2021/05/30 12:17:20 ]   recv id:62840 qr:0

[ 2021/05/30 12:17:20 ]   info from client.

[ 2021/05/30 12:17:20 ]   change id from 62840 to 38

[ 2021/05/30 12:17:20 ]   recv id:29272 qr:0

[ 2021/05/30 12:17:20 ]   info from client.

[ 2021/05/30 12:17:20 ]   change id from 29272 to 37

[ 2021/05/30 12:17:20 ]   recv id:49731 qr:0

[ 2021/05/30 12:17:20 ]   info from client.

[ 2021/05/30 12:17:20 ]   change id from 49731 to 36

[ 2021/05/30 12:17:20 ]   recv id:64216 qr:0

[ 2021/05/30 12:17:20 ]   info from client.

[ 2021/05/30 12:17:20 ]   change id from 64216 to 35

[ 2021/05/30 12:17:20 ]   recv id:45041 qr:0

[ 2021/05/30 12:17:20 ]   info from client.

[ 2021/05/30 12:17:20 ]   change id from 45041 to 34

[ 2021/05/30 12:17:20 ]   recv id:1496 qr:0

[ 2021/05/30 12:17:20 ]   info from client.

[ 2021/05/30 12:17:20 ]   change id from 1496 to 33

[ 2021/05/30 12:17:20 ]   recv id:42906 qr:0

[ 2021/05/30 12:17:20 ]   info from client.

[ 2021/05/30 12:17:20 ]   change id from 42906 to 32

[ 2021/05/30 12:17:20 ]   recv id:51174 qr:0

[ 2021/05/30 12:17:20 ]   info from client.

[ 2021/05/30 12:17:20 ]   change id from 51174 to 63

[ 2021/05/30 12:17:20 ]   recv id:8946 qr:0

[ 2021/05/30 12:17:20 ]   info from client.

[ 2021/05/30 12:17:20 ]   change id from 8946 to 62

[ 2021/05/30 12:17:20 ]   recv id:31379 qr:0

[ 2021/05/30 12:17:20 ]   info from client.

[ 2021/05/30 12:17:20 ]   change id from 31379 to 61

[ 2021/05/30 12:17:20 ]   recv id:58526 qr:0

[ 2021/05/30 12:17:20 ]   info from client.

[ 2021/05/30 12:17:20 ]   change id from 58526 to 60

[ 2021/05/30 12:17:20 ]   recv id:26 qr:1

[ 2021/05/30 12:17:20 ]   Response info from server.

[ 2021/05/30 12:17:20 ]   recv id:24 qr:1

[ 2021/05/30 12:17:20 ]   Response info from server.

[ 2021/05/30 12:17:20 ]   recv id:62840 qr:0

[ 2021/05/30 12:17:20 ]   info from client.

[ 2021/05/30 12:17:20 ]   change id from 62840 to 59

[ 2021/05/30 12:17:20 ]   recv id:20 qr:1

[ 2021/05/30 12:17:20 ]   Response info from server.

[ 2021/05/30 12:17:20 ]   recv id:10 qr:1

[ 2021/05/30 12:17:20 ]   Response info from server.

[ 2021/05/30 12:17:20 ]   recv id:1 qr:1

[ 2021/05/30 12:17:20 ]   Response info from server.

[ 2021/05/30 12:17:20 ]   recv id:0 qr:1

[ 2021/05/30 12:17:20 ]   Response info from server.

[ 2021/05/30 12:17:20 ]   recv id:61 qr:1

[ 2021/05/30 12:17:20 ]   Response info from server.

[ 2021/05/30 12:17:20 ]   send back 56598

[ 2021/05/30 12:17:20 ]   recv id:60 qr:1

[ 2021/05/30 12:17:20 ]   Response info from server.

[ 2021/05/30 12:17:20 ]   send back 56180

[ 2021/05/30 12:17:20 ]   recv id:55 qr:1

[ 2021/05/30 12:17:20 ]   Response info from server.

[ 2021/05/30 12:17:20 ]   send back 44778

[ 2021/05/30 12:17:20 ]   recv id:45 qr:1

[ 2021/05/30 12:17:20 ]   Response info from server.

[ 2021/05/30 12:17:20 ]   send back 58217

[ 2021/05/30 12:17:20 ]   recv id:30 qr:1

[ 2021/05/30 12:17:20 ]   Response info from server.

[ 2021/05/30 12:17:20 ]   recv id:59 qr:1

[ 2021/05/30 12:17:20 ]   Response info from server.

[ 2021/05/30 12:17:20 ]   send back 23536

[ 2021/05/30 12:17:20 ]   recv id:31 qr:1

[ 2021/05/30 12:17:20 ]   Response info from server.

[ 2021/05/30 12:17:20 ]   send back 23536

[ 2021/05/30 12:17:20 ]   recv id:27 qr:1

[ 2021/05/30 12:17:20 ]   Response info from server.

[ 2021/05/30 12:17:20 ]   recv id:33 qr:1

[ 2021/05/30 12:17:20 ]   Response info from server.

[ 2021/05/30 12:17:20 ]   send back 21889

[ 2021/05/30 12:17:20 ]   recv id:32 qr:1

[ 2021/05/30 12:17:20 ]   Response info from server.

[ 2021/05/30 12:17:20 ]   send back 16162

[ 2021/05/30 12:17:20 ]   recv id:18 qr:1

[ 2021/05/30 12:17:20 ]   Response info from server.

[ 2021/05/30 12:17:20 ]   recv id:62 qr:1

[ 2021/05/30 12:17:20 ]   Response info from server.

[ 2021/05/30 12:17:20 ]   send back 59943

[ 2021/05/30 12:17:20 ]   recv id:15 qr:1

[ 2021/05/30 12:17:20 ]   Response info from server.

[ 2021/05/30 12:17:20 ]   recv id:61 qr:1

[ 2021/05/30 12:17:20 ]   Response info from server.

[ 2021/05/30 12:17:20 ]   recv id:60 qr:1

[ 2021/05/30 12:17:20 ]   Response info from server.

[ 2021/05/30 12:17:20 ]   recv id:16 qr:1

[ 2021/05/30 12:17:20 ]   Response info from server.

[ 2021/05/30 12:17:20 ]   recv id:50122 qr:0

[ 2021/05/30 12:17:20 ]   info from client.

[ 2021/05/30 12:17:20 ]   change id from 50122 to 31

[ 2021/05/30 12:17:20 ]   recv id:57 qr:1

[ 2021/05/30 12:17:20 ]   Response info from server.

[ 2021/05/30 12:17:20 ]   send back 46997

[ 2021/05/30 12:17:20 ]   recv id:14 qr:1

[ 2021/05/30 12:17:20 ]   Response info from server.

[ 2021/05/30 12:17:20 ]   recv id:56 qr:1

[ 2021/05/30 12:17:20 ]   Response info from server.

[ 2021/05/30 12:17:20 ]   send back 52352

[ 2021/05/30 12:17:20 ]   recv id:55 qr:1

[ 2021/05/30 12:17:20 ]   Response info from server.

[ 2021/05/30 12:17:20 ]   recv id:11 qr:1

[ 2021/05/30 12:17:20 ]   Response info from server.

[ 2021/05/30 12:17:20 ]   recv id:46 qr:1

[ 2021/05/30 12:17:20 ]   Response info from server.

[ 2021/05/30 12:17:20 ]   send back 56248

[ 2021/05/30 12:17:20 ]   recv id:53 qr:1

[ 2021/05/30 12:17:20 ]   Response info from server.

[ 2021/05/30 12:17:20 ]   send back 8902

[ 2021/05/30 12:17:20 ]   recv id:52 qr:1

[ 2021/05/30 12:17:20 ]   Response info from server.

[ 2021/05/30 12:17:20 ]   send back 37845

[ 2021/05/30 12:17:20 ]   recv id:28 qr:1

[ 2021/05/30 12:17:20 ]   Response info from server.

[ 2021/05/30 12:17:20 ]   recv id:54 qr:1

[ 2021/05/30 12:17:20 ]   Response info from server.

[ 2021/05/30 12:17:20 ]   send back 47277

[ 2021/05/30 12:17:20 ]   recv id:51 qr:1

[ 2021/05/30 12:17:20 ]   Response info from server.

[ 2021/05/30 12:17:20 ]   send back 9492

[ 2021/05/30 12:17:20 ]   recv id:35 qr:1

[ 2021/05/30 12:17:20 ]   Response info from server.

[ 2021/05/30 12:17:20 ]   send back 1830

[ 2021/05/30 12:17:20 ]   recv id:6 qr:1

[ 2021/05/30 12:17:20 ]   Response info from server.

[ 2021/05/30 12:17:20 ]   recv id:7 qr:1

[ 2021/05/30 12:17:20 ]   Response info from server.

[ 2021/05/30 12:17:20 ]   recv id:43 qr:1

[ 2021/05/30 12:17:20 ]   Response info from server.

[ 2021/05/30 12:17:20 ]   send back 17287

[ 2021/05/30 12:17:20 ]   recv id:42 qr:1

[ 2021/05/30 12:17:20 ]   Response info from server.

[ 2021/05/30 12:17:20 ]   send back 59141

[ 2021/05/30 12:17:20 ]   recv id:29 qr:1

[ 2021/05/30 12:17:20 ]   Response info from server.

[ 2021/05/30 12:17:20 ]   recv id:5 qr:1

[ 2021/05/30 12:17:20 ]   Response info from server.

[ 2021/05/30 12:17:20 ]   recv id:9 qr:1

[ 2021/05/30 12:17:20 ]   Response info from server.

[ 2021/05/30 12:17:20 ]   recv id:22 qr:1

[ 2021/05/30 12:17:20 ]   Response info from server.

[ 2021/05/30 12:17:20 ]   recv id:41 qr:1

[ 2021/05/30 12:17:20 ]   Response info from server.

[ 2021/05/30 12:17:20 ]   send back 62472

[ 2021/05/30 12:17:20 ]   recv id:25 qr:1

[ 2021/05/30 12:17:20 ]   Response info from server.

[ 2021/05/30 12:17:20 ]   recv id:48 qr:1

[ 2021/05/30 12:17:20 ]   Response info from server.

[ 2021/05/30 12:17:20 ]   send back 7241

[ 2021/05/30 12:17:20 ]   recv id:63 qr:1

[ 2021/05/30 12:17:20 ]   Response info from server.

[ 2021/05/30 12:17:20 ]   send back 53606

[ 2021/05/30 12:17:20 ]   recv id:32 qr:1

[ 2021/05/30 12:17:20 ]   Response info from server.

[ 2021/05/30 12:17:20 ]   recv id:37 qr:1

[ 2021/05/30 12:17:20 ]   Response info from server.

[ 2021/05/30 12:17:20 ]   send back 17020

[ 2021/05/30 12:17:20 ]   recv id:58 qr:1

[ 2021/05/30 12:17:20 ]   Response info from server.

[ 2021/05/30 12:17:20 ]   send back 40306

[ 2021/05/30 12:17:20 ]   recv id:36 qr:1

[ 2021/05/30 12:17:20 ]   Response info from server.

[ 2021/05/30 12:17:20 ]   send back 27824

[ 2021/05/30 12:17:20 ]   recv id:35 qr:1

[ 2021/05/30 12:17:20 ]   Response info from server.

[ 2021/05/30 12:17:20 ]   recv id:8 qr:1

[ 2021/05/30 12:17:20 ]   Response info from server.

[ 2021/05/30 12:17:20 ]   recv id:39 qr:1

[ 2021/05/30 12:17:20 ]   Response info from server.

[ 2021/05/30 12:17:20 ]   send back 24706

[ 2021/05/30 12:17:20 ]   recv id:34 qr:1

[ 2021/05/30 12:17:20 ]   Response info from server.

[ 2021/05/30 12:17:20 ]   send back 27593

[ 2021/05/30 12:17:20 ]   recv id:33 qr:1

[ 2021/05/30 12:17:20 ]   Response info from server.

[ 2021/05/30 12:17:20 ]   recv id:52 qr:1

[ 2021/05/30 12:17:20 ]   Response info from server.

[ 2021/05/30 12:17:20 ]   recv id:49 qr:1

[ 2021/05/30 12:17:20 ]   Response info from server.

[ 2021/05/30 12:17:20 ]   send back 7744

[ 2021/05/30 12:17:20 ]   recv id:19 qr:1

[ 2021/05/30 12:17:20 ]   Response info from server.

[ 2021/05/30 12:17:20 ]   recv id:32 qr:1

[ 2021/05/30 12:17:20 ]   Response info from server.

[ 2021/05/30 12:17:20 ]   recv id:49 qr:1

[ 2021/05/30 12:17:20 ]   Response info from server.

[ 2021/05/30 12:17:20 ]   recv id:17 qr:1

[ 2021/05/30 12:17:20 ]   Response info from server.

[ 2021/05/30 12:17:20 ]   recv id:63 qr:1

[ 2021/05/30 12:17:20 ]   Response info from server.

[ 2021/05/30 12:17:20 ]   recv id:54 qr:1

[ 2021/05/30 12:17:20 ]   Response info from server.

[ 2021/05/30 12:17:20 ]   recv id:62 qr:1

[ 2021/05/30 12:17:20 ]   Response info from server.

[ 2021/05/30 12:17:20 ]   recv id:56 qr:1

[ 2021/05/30 12:17:20 ]   Response info from server.

[ 2021/05/30 12:17:20 ]   recv id:51 qr:1

[ 2021/05/30 12:17:20 ]   Response info from server.

[ 2021/05/30 12:17:20 ]   recv id:60 qr:1

[ 2021/05/30 12:17:20 ]   Response info from server.

[ 2021/05/30 12:17:20 ]   recv id:50 qr:1

[ 2021/05/30 12:17:20 ]   Response info from server.

[ 2021/05/30 12:17:20 ]   send back 1772

[ 2021/05/30 12:17:20 ]   recv id:59 qr:1

[ 2021/05/30 12:17:20 ]   Response info from server.

[ 2021/05/30 12:17:20 ]   recv id:59 qr:1

[ 2021/05/30 12:17:20 ]   Response info from server.

[ 2021/05/30 12:17:20 ]   recv id:23 qr:1

[ 2021/05/30 12:17:20 ]   Response info from server.

[ 2021/05/30 12:17:20 ]   recv id:58 qr:1

[ 2021/05/30 12:17:20 ]   Response info from server.

[ 2021/05/30 12:17:20 ]   recv id:62 qr:1

[ 2021/05/30 12:17:20 ]   Response info from server.

[ 2021/05/30 12:17:20 ]   recv id:57 qr:1

[ 2021/05/30 12:17:20 ]   Response info from server.

[ 2021/05/30 12:17:20 ]   recv id:56 qr:1

[ 2021/05/30 12:17:20 ]   Response info from server.

[ 2021/05/30 12:17:20 ]   recv id:55 qr:1

[ 2021/05/30 12:17:20 ]   Response info from server.

[ 2021/05/30 12:17:20 ]   recv id:12 qr:1

[ 2021/05/30 12:17:20 ]   Response info from server.

[ 2021/05/30 12:17:20 ]   recv id:54 qr:1

[ 2021/05/30 12:17:20 ]   Response info from server.

[ 2021/05/30 12:17:20 ]   recv id:48 qr:1

[ 2021/05/30 12:17:20 ]   Response info from server.

[ 2021/05/30 12:17:20 ]   recv id:53 qr:1

[ 2021/05/30 12:17:20 ]   Response info from server.

[ 2021/05/30 12:17:20 ]   recv id:52 qr:1

[ 2021/05/30 12:17:20 ]   Response info from server.

[ 2021/05/30 12:17:20 ]   recv id:51 qr:1

[ 2021/05/30 12:17:20 ]   Response info from server.

[ 2021/05/30 12:17:20 ]   recv id:50 qr:1

[ 2021/05/30 12:17:20 ]   Response info from server.

[ 2021/05/30 12:17:20 ]   recv id:4 qr:1

[ 2021/05/30 12:17:20 ]   Response info from server.

[ 2021/05/30 12:17:20 ]   recv id:45 qr:1

[ 2021/05/30 12:17:20 ]   Response info from server.

[ 2021/05/30 12:17:20 ]   recv id:49 qr:1

[ 2021/05/30 12:17:20 ]   Response info from server.

[ 2021/05/30 12:17:20 ]   recv id:41 qr:1

[ 2021/05/30 12:17:20 ]   Response info from server.

[ 2021/05/30 12:17:20 ]   recv id:48 qr:1

[ 2021/05/30 12:17:20 ]   Response info from server.

[ 2021/05/30 12:17:20 ]   recv id:42 qr:1

[ 2021/05/30 12:17:20 ]   Response info from server.

[ 2021/05/30 12:17:20 ]   recv id:47 qr:1

[ 2021/05/30 12:17:20 ]   Response info from server.

[ 2021/05/30 12:17:20 ]   send back 10235

[ 2021/05/30 12:17:20 ]   recv id:45 qr:1

[ 2021/05/30 12:17:20 ]   Response info from server.

[ 2021/05/30 12:17:20 ]   recv id:44 qr:1

[ 2021/05/30 12:17:20 ]   Response info from server.

[ 2021/05/30 12:17:20 ]   send back 21398

[ 2021/05/30 12:17:20 ]   recv id:37 qr:1

[ 2021/05/30 12:17:20 ]   Response info from server.

[ 2021/05/30 12:17:20 ]   recv id:43 qr:1

[ 2021/05/30 12:17:20 ]   Response info from server.

[ 2021/05/30 12:17:20 ]   recv id:42 qr:1

[ 2021/05/30 12:17:20 ]   Response info from server.

[ 2021/05/30 12:17:20 ]   recv id:41 qr:1

[ 2021/05/30 12:17:20 ]   Response info from server.

[ 2021/05/30 12:17:20 ]   recv id:39 qr:1

[ 2021/05/30 12:17:20 ]   Response info from server.

[ 2021/05/30 12:17:20 ]   recv id:13 qr:1

[ 2021/05/30 12:17:20 ]   Response info from server.

[ 2021/05/30 12:17:20 ]   recv id:46 qr:1

[ 2021/05/30 12:17:20 ]   Response info from server.

[ 2021/05/30 12:17:20 ]   recv id:40 qr:1

[ 2021/05/30 12:17:20 ]   Response info from server.

[ 2021/05/30 12:17:20 ]   send back 19681

[ 2021/05/30 12:17:20 ]   recv id:39 qr:1

[ 2021/05/30 12:17:20 ]   Response info from server.

[ 2021/05/30 12:17:20 ]   recv id:47 qr:1

[ 2021/05/30 12:17:20 ]   Response info from server.

[ 2021/05/30 12:17:20 ]   recv id:37 qr:1

[ 2021/05/30 12:17:20 ]   Response info from server.

[ 2021/05/30 12:17:20 ]   recv id:34 qr:1

[ 2021/05/30 12:17:20 ]   Response info from server.

[ 2021/05/30 12:17:20 ]   recv id:36 qr:1

[ 2021/05/30 12:17:20 ]   Response info from server.

[ 2021/05/30 12:17:20 ]   recv id:57 qr:1

[ 2021/05/30 12:17:20 ]   Response info from server.

[ 2021/05/30 12:17:20 ]   recv id:35 qr:1

[ 2021/05/30 12:17:20 ]   Response info from server.

[ 2021/05/30 12:17:20 ]   recv id:43 qr:1

[ 2021/05/30 12:17:20 ]   Response info from server.

[ 2021/05/30 12:17:20 ]   recv id:34 qr:1

[ 2021/05/30 12:17:20 ]   Response info from server.

[ 2021/05/30 12:17:20 ]   recv id:33 qr:1

[ 2021/05/30 12:17:20 ]   Response info from server.

[ 2021/05/30 12:17:20 ]   recv id:58 qr:1

[ 2021/05/30 12:17:20 ]   Response info from server.

[ 2021/05/30 12:17:20 ]   recv id:32 qr:1

[ 2021/05/30 12:17:20 ]   Response info from server.

[ 2021/05/30 12:17:20 ]   recv id:63 qr:1

[ 2021/05/30 12:17:20 ]   Response info from server.

[ 2021/05/30 12:17:20 ]   recv id:62 qr:1

[ 2021/05/30 12:17:20 ]   Response info from server.

[ 2021/05/30 12:17:20 ]   recv id:61 qr:1

[ 2021/05/30 12:17:20 ]   Response info from server.

[ 2021/05/30 12:17:20 ]   recv id:59 qr:1

[ 2021/05/30 12:17:20 ]   Response info from server.

[ 2021/05/30 12:17:20 ]   recv id:58 qr:1

[ 2021/05/30 12:17:20 ]   Response info from server.

[ 2021/05/30 12:17:20 ]   recv id:57 qr:1

[ 2021/05/30 12:17:20 ]   Response info from server.

[ 2021/05/30 12:17:20 ]   recv id:56 qr:1

[ 2021/05/30 12:17:20 ]   Response info from server.

[ 2021/05/30 12:17:20 ]   recv id:55 qr:1

[ 2021/05/30 12:17:20 ]   Response info from server.

[ 2021/05/30 12:17:20 ]   recv id:54 qr:1

[ 2021/05/30 12:17:20 ]   Response info from server.

[ 2021/05/30 12:17:20 ]   recv id:47 qr:1

[ 2021/05/30 12:17:20 ]   Response info from server.

[ 2021/05/30 12:17:20 ]   recv id:53 qr:1

[ 2021/05/30 12:17:20 ]   Response info from server.

[ 2021/05/30 12:17:20 ]   recv id:52 qr:1

[ 2021/05/30 12:17:20 ]   Response info from server.

[ 2021/05/30 12:17:20 ]   recv id:51 qr:1

[ 2021/05/30 12:17:20 ]   Response info from server.

[ 2021/05/30 12:17:20 ]   recv id:44 qr:1

[ 2021/05/30 12:17:20 ]   Response info from server.

[ 2021/05/30 12:17:20 ]   recv id:40 qr:1

[ 2021/05/30 12:17:20 ]   Response info from server.

[ 2021/05/30 12:17:20 ]   recv id:50 qr:1

[ 2021/05/30 12:17:20 ]   Response info from server.

[ 2021/05/30 12:17:20 ]   recv id:60 qr:1

[ 2021/05/30 12:17:20 ]   Response info from server.

[ 2021/05/30 12:17:20 ]   recv id:46 qr:1

[ 2021/05/30 12:17:20 ]   Response info from server.

[ 2021/05/30 12:17:20 ]   recv id:49 qr:1

[ 2021/05/30 12:17:20 ]   Response info from server.

[ 2021/05/30 12:17:20 ]   recv id:48 qr:1

[ 2021/05/30 12:17:20 ]   Response info from server.

[ 2021/05/30 12:17:20 ]   recv id:47 qr:1

[ 2021/05/30 12:17:20 ]   Response info from server.

[ 2021/05/30 12:17:20 ]   recv id:46 qr:1

[ 2021/05/30 12:17:20 ]   Response info from server.

[ 2021/05/30 12:17:20 ]   recv id:45 qr:1

[ 2021/05/30 12:17:20 ]   Response info from server.

[ 2021/05/30 12:17:20 ]   recv id:44 qr:1

[ 2021/05/30 12:17:20 ]   Response info from server.

[ 2021/05/30 12:17:20 ]   recv id:43 qr:1

[ 2021/05/30 12:17:20 ]   Response info from server.

[ 2021/05/30 12:17:20 ]   recv id:42 qr:1

[ 2021/05/30 12:17:20 ]   Response info from server.

[ 2021/05/30 12:17:20 ]   recv id:41 qr:1

[ 2021/05/30 12:17:20 ]   Response info from server.

[ 2021/05/30 12:17:20 ]   recv id:40 qr:1

[ 2021/05/30 12:17:20 ]   Response info from server.

[ 2021/05/30 12:17:20 ]   recv id:39 qr:1

[ 2021/05/30 12:17:20 ]   Response info from server.

[ 2021/05/30 12:17:20 ]   recv id:38 qr:1

[ 2021/05/30 12:17:20 ]   Response info from server.

[ 2021/05/30 12:17:20 ]   send back 14844

[ 2021/05/30 12:17:20 ]   recv id:37 qr:1

[ 2021/05/30 12:17:20 ]   Response info from server.

[ 2021/05/30 12:17:20 ]   recv id:36 qr:1

[ 2021/05/30 12:17:20 ]   Response info from server.

[ 2021/05/30 12:17:20 ]   recv id:35 qr:1

[ 2021/05/30 12:17:20 ]   Response info from server.

[ 2021/05/30 12:17:20 ]   recv id:33 qr:1

[ 2021/05/30 12:17:20 ]   Response info from server.

[ 2021/05/30 12:17:20 ]   recv id:32 qr:1

[ 2021/05/30 12:17:20 ]   Response info from server.

[ 2021/05/30 12:17:20 ]   recv id:63 qr:1

[ 2021/05/30 12:17:20 ]   Response info from server.

[ 2021/05/30 12:17:20 ]   recv id:62 qr:1

[ 2021/05/30 12:17:20 ]   Response info from server.

[ 2021/05/30 12:17:20 ]   recv id:61 qr:1

[ 2021/05/30 12:17:20 ]   Response info from server.

[ 2021/05/30 12:17:20 ]   recv id:3989 qr:0

[ 2021/05/30 12:17:20 ]   info from client.

[ 2021/05/30 12:17:20 ]   change id from 3989 to 63

[ 2021/05/30 12:17:20 ]   recv id:38 qr:1

[ 2021/05/30 12:17:20 ]   Response info from server.

[ 2021/05/30 12:17:20 ]   recv id:61 qr:1

[ 2021/05/30 12:17:20 ]   Response info from server.

[ 2021/05/30 12:17:20 ]   recv id:60 qr:1

[ 2021/05/30 12:17:20 ]   Response info from server.

[ 2021/05/30 12:17:20 ]   recv id:59 qr:1

[ 2021/05/30 12:17:20 ]   Response info from server.

[ 2021/05/30 12:17:20 ]   recv id:40 qr:1

[ 2021/05/30 12:17:20 ]   Response info from server.

[ 2021/05/30 12:17:20 ]   recv id:58 qr:1

[ 2021/05/30 12:17:20 ]   Response info from server.

[ 2021/05/30 12:17:20 ]   recv id:57 qr:1

[ 2021/05/30 12:17:20 ]   Response info from server.

[ 2021/05/30 12:17:20 ]   recv id:56 qr:1

[ 2021/05/30 12:17:20 ]   Response info from server.

[ 2021/05/30 12:17:20 ]   recv id:29272 qr:0

[ 2021/05/30 12:17:20 ]   info from client.

[ 2021/05/30 12:17:20 ]   change id from 29272 to 62

[ 2021/05/30 12:17:20 ]   recv id:49731 qr:0

[ 2021/05/30 12:17:20 ]   info from client.

[ 2021/05/30 12:17:20 ]   change id from 49731 to 61

[ 2021/05/30 12:17:20 ]   recv id:55 qr:1

[ 2021/05/30 12:17:20 ]   Response info from server.

[ 2021/05/30 12:17:20 ]   recv id:38 qr:1

[ 2021/05/30 12:17:20 ]   Response info from server.

[ 2021/05/30 12:17:20 ]   recv id:54 qr:1

[ 2021/05/30 12:17:20 ]   Response info from server.

[ 2021/05/30 12:17:20 ]   recv id:53 qr:1

[ 2021/05/30 12:17:20 ]   Response info from server.

[ 2021/05/30 12:17:20 ]   recv id:52 qr:1

[ 2021/05/30 12:17:20 ]   Response info from server.

[ 2021/05/30 12:17:20 ]   recv id:51 qr:1

[ 2021/05/30 12:17:20 ]   Response info from server.

[ 2021/05/30 12:17:20 ]   recv id:64216 qr:0

[ 2021/05/30 12:17:20 ]   info from client.

[ 2021/05/30 12:17:20 ]   change id from 64216 to 60

[ 2021/05/30 12:17:20 ]   recv id:1496 qr:0

[ 2021/05/30 12:17:20 ]   info from client.

[ 2021/05/30 12:17:20 ]   change id from 1496 to 59

[ 2021/05/30 12:17:20 ]   recv id:42906 qr:0

[ 2021/05/30 12:17:20 ]   info from client.

[ 2021/05/30 12:17:20 ]   change id from 42906 to 58

[ 2021/05/30 12:17:20 ]   recv id:45041 qr:0

[ 2021/05/30 12:17:20 ]   info from client.

[ 2021/05/30 12:17:20 ]   change id from 45041 to 57

[ 2021/05/30 12:17:20 ]   recv id:50 qr:1

[ 2021/05/30 12:17:20 ]   Response info from server.

[ 2021/05/30 12:17:20 ]   recv id:49 qr:1

[ 2021/05/30 12:17:20 ]   Response info from server.

[ 2021/05/30 12:17:20 ]   recv id:48 qr:1

[ 2021/05/30 12:17:20 ]   Response info from server.

[ 2021/05/30 12:17:20 ]   recv id:47 qr:1

[ 2021/05/30 12:17:20 ]   Response info from server.

[ 2021/05/30 12:17:20 ]   recv id:46 qr:1

[ 2021/05/30 12:17:20 ]   Response info from server.

[ 2021/05/30 12:17:20 ]   recv id:45 qr:1

[ 2021/05/30 12:17:20 ]   Response info from server.

[ 2021/05/30 12:17:20 ]   recv id:44 qr:1

[ 2021/05/30 12:17:20 ]   Response info from server.

[ 2021/05/30 12:17:20 ]   recv id:43 qr:1

[ 2021/05/30 12:17:20 ]   Response info from server.

[ 2021/05/30 12:17:20 ]   recv id:42 qr:1

[ 2021/05/30 12:17:20 ]   Response info from server.

[ 2021/05/30 12:17:20 ]   recv id:41 qr:1

[ 2021/05/30 12:17:20 ]   Response info from server.

[ 2021/05/30 12:17:20 ]   recv id:40 qr:1

[ 2021/05/30 12:17:20 ]   Response info from server.

[ 2021/05/30 12:17:20 ]   recv id:39 qr:1

[ 2021/05/30 12:17:20 ]   Response info from server.

[ 2021/05/30 12:17:20 ]   recv id:38 qr:1

[ 2021/05/30 12:17:20 ]   Response info from server.

[ 2021/05/30 12:17:20 ]   recv id:37 qr:1

[ 2021/05/30 12:17:20 ]   Response info from server.

[ 2021/05/30 12:17:20 ]   recv id:36 qr:1

[ 2021/05/30 12:17:20 ]   Response info from server.

[ 2021/05/30 12:17:20 ]   recv id:35 qr:1

[ 2021/05/30 12:17:20 ]   Response info from server.

[ 2021/05/30 12:17:20 ]   recv id:34 qr:1

[ 2021/05/30 12:17:20 ]   Response info from server.

[ 2021/05/30 12:17:20 ]   recv id:34 qr:1

[ 2021/05/30 12:17:20 ]   Response info from server.

[ 2021/05/30 12:17:20 ]   recv id:33 qr:1

[ 2021/05/30 12:17:20 ]   Response info from server.

[ 2021/05/30 12:17:20 ]   recv id:32 qr:1

[ 2021/05/30 12:17:20 ]   Response info from server.

[ 2021/05/30 12:17:20 ]   recv id:63 qr:1

[ 2021/05/30 12:17:20 ]   Response info from server.

[ 2021/05/30 12:17:20 ]   send back 3989

[ 2021/05/30 12:17:20 ]   recv id:62 qr:1

[ 2021/05/30 12:17:20 ]   Response info from server.

[ 2021/05/30 12:17:20 ]   send back 29272

[ 2021/05/30 12:17:20 ]   recv id:61 qr:1

[ 2021/05/30 12:17:20 ]   Response info from server.

[ 2021/05/30 12:17:20 ]   send back 49731

[ 2021/05/30 12:17:20 ]   recv id:60 qr:1

[ 2021/05/30 12:17:20 ]   Response info from server.

[ 2021/05/30 12:17:20 ]   send back 64216

[ 2021/05/30 12:17:20 ]   recv id:59 qr:1

[ 2021/05/30 12:17:20 ]   Response info from server.

[ 2021/05/30 12:17:20 ]   send back 1496

[ 2021/05/30 12:17:20 ]   recv id:58 qr:1

[ 2021/05/30 12:17:20 ]   Response info from server.

[ 2021/05/30 12:17:20 ]   send back 42906

[ 2021/05/30 12:17:20 ]   recv id:57 qr:1

[ 2021/05/30 12:17:20 ]   Response info from server.

[ 2021/05/30 12:17:20 ]   send back 45041

[ 2021/05/30 12:17:20 ]   recv id:56 qr:1

[ 2021/05/30 12:17:20 ]   Response info from server.

[ 2021/05/30 12:17:20 ]   recv id:55 qr:1

[ 2021/05/30 12:17:20 ]   Response info from server.

[ 2021/05/30 12:17:20 ]   recv id:54 qr:1

[ 2021/05/30 12:17:20 ]   Response info from server.

[ 2021/05/30 12:17:20 ]   recv id:53 qr:1

[ 2021/05/30 12:17:20 ]   Response info from server.

[ 2021/05/30 12:17:20 ]   recv id:52 qr:1

[ 2021/05/30 12:17:20 ]   Response info from server.

[ 2021/05/30 12:17:20 ]   recv id:51 qr:1

[ 2021/05/30 12:17:20 ]   Response info from server.

[ 2021/05/30 12:17:20 ]   recv id:50 qr:1

[ 2021/05/30 12:17:20 ]   Response info from server.

[ 2021/05/30 12:17:20 ]   recv id:49 qr:1

[ 2021/05/30 12:17:20 ]   Response info from server.

[ 2021/05/30 12:17:20 ]   recv id:48 qr:1

[ 2021/05/30 12:17:20 ]   Response info from server.

[ 2021/05/30 12:17:20 ]   recv id:47 qr:1

[ 2021/05/30 12:17:20 ]   Response info from server.

[ 2021/05/30 12:17:20 ]   recv id:46 qr:1

[ 2021/05/30 12:17:20 ]   Response info from server.

[ 2021/05/30 12:17:20 ]   recv id:45 qr:1

[ 2021/05/30 12:17:20 ]   Response info from server.

[ 2021/05/30 12:17:20 ]   recv id:44 qr:1

[ 2021/05/30 12:17:20 ]   Response info from server.

[ 2021/05/30 12:17:20 ]   recv id:43 qr:1

[ 2021/05/30 12:17:20 ]   Response info from server.

[ 2021/05/30 12:17:20 ]   recv id:42 qr:1

[ 2021/05/30 12:17:20 ]   Response info from server.

[ 2021/05/30 12:17:20 ]   recv id:41 qr:1

[ 2021/05/30 12:17:20 ]   Response info from server.

[ 2021/05/30 12:17:20 ]   recv id:40 qr:1

[ 2021/05/30 12:17:20 ]   Response info from server.

[ 2021/05/30 12:17:20 ]   recv id:39 qr:1

[ 2021/05/30 12:17:20 ]   Response info from server.

[ 2021/05/30 12:17:20 ]   recv id:38 qr:1

[ 2021/05/30 12:17:20 ]   Response info from server.

[ 2021/05/30 12:17:20 ]   recv id:37 qr:1

[ 2021/05/30 12:17:20 ]   Response info from server.

[ 2021/05/30 12:17:20 ]   recv id:36 qr:1

[ 2021/05/30 12:17:20 ]   Response info from server.

[ 2021/05/30 12:17:20 ]   recv id:35 qr:1

[ 2021/05/30 12:17:20 ]   Response info from server.

[ 2021/05/30 12:17:20 ]   recv id:34 qr:1

[ 2021/05/30 12:17:20 ]   Response info from server.

[ 2021/05/30 12:17:20 ]   recv id:33 qr:1

[ 2021/05/30 12:17:20 ]   Response info from server.

[ 2021/05/30 12:17:20 ]   recv id:32 qr:1

[ 2021/05/30 12:17:20 ]   Response info from server.

[ 2021/05/30 12:17:20 ]   recv id:63 qr:1

[ 2021/05/30 12:17:20 ]   Response info from server.

[ 2021/05/30 12:17:20 ]   recv id:62 qr:1

[ 2021/05/30 12:17:20 ]   Response info from server.

[ 2021/05/30 12:17:20 ]   recv id:61 qr:1

[ 2021/05/30 12:17:20 ]   Response info from server.

[ 2021/05/30 12:17:20 ]   recv id:60 qr:1

[ 2021/05/30 12:17:20 ]   Response info from server.

[ 2021/05/30 12:17:20 ]   recv id:59 qr:1

[ 2021/05/30 12:17:20 ]   Response info from server.

[ 2021/05/30 12:17:20 ]   recv id:31 qr:1

[ 2021/05/30 12:17:20 ]   Response info from server.

[ 2021/05/30 12:17:20 ]   send back 50122

[ 2021/05/30 12:17:20 ]   recv id:8946 qr:0

[ 2021/05/30 12:17:20 ]   info from client.

[ 2021/05/30 12:17:20 ]   change id from 8946 to 31

[ 2021/05/30 12:17:20 ]   recv id:58526 qr:0

[ 2021/05/30 12:17:20 ]   info from client.

[ 2021/05/30 12:17:20 ]   change id from 58526 to 63

[ 2021/05/30 12:17:20 ]   recv id:21 qr:1

[ 2021/05/30 12:17:20 ]   Response info from server.

[ 2021/05/30 12:17:20 ]   recv id:63 qr:1

[ 2021/05/30 12:17:20 ]   Response info from server.

[ 2021/05/30 12:17:20 ]   send back 58526

[ 2021/05/30 12:17:20 ]   recv id:36 qr:1

[ 2021/05/30 12:17:20 ]   Response info from server.

[ 2021/05/30 12:17:20 ]   recv id:3 qr:1

[ 2021/05/30 12:17:20 ]   Response info from server.

[ 2021/05/30 12:17:20 ]   recv id:62 qr:1

[ 2021/05/30 12:17:20 ]   Response info from server.

[ 2021/05/30 12:17:20 ]   recv id:61 qr:1

[ 2021/05/30 12:17:20 ]   Response info from server.

[ 2021/05/30 12:17:20 ]   recv id:60 qr:1

[ 2021/05/30 12:17:20 ]   Response info from server.

[ 2021/05/30 12:17:20 ]   recv id:59 qr:1

[ 2021/05/30 12:17:20 ]   Response info from server.

[ 2021/05/30 12:17:20 ]   recv id:58 qr:1

[ 2021/05/30 12:17:20 ]   Response info from server.

[ 2021/05/30 12:17:20 ]   recv id:57 qr:1

[ 2021/05/30 12:17:20 ]   Response info from server.

[ 2021/05/30 12:17:20 ]   recv id:2 qr:1

[ 2021/05/30 12:17:20 ]   Response info from server.

[ 2021/05/30 12:17:20 ]   recv id:64216 qr:0

[ 2021/05/30 12:17:20 ]   info from client.

[ 2021/05/30 12:17:20 ]   change id from 64216 to 63

[ 2021/05/30 12:17:20 ]   recv id:1496 qr:0

[ 2021/05/30 12:17:20 ]   info from client.

[ 2021/05/30 12:17:20 ]   change id from 1496 to 62

[ 2021/05/30 12:17:20 ]   recv id:42906 qr:0

[ 2021/05/30 12:17:20 ]   info from client.

[ 2021/05/30 12:17:20 ]   change id from 42906 to 61

[ 2021/05/30 12:17:20 ]   recv id:45041 qr:0

[ 2021/05/30 12:17:20 ]   info from client.

[ 2021/05/30 12:17:20 ]   change id from 45041 to 60

[ 2021/05/30 12:17:20 ]   recv id:63 qr:1

[ 2021/05/30 12:17:20 ]   Response info from server.

[ 2021/05/30 12:17:20 ]   send back 64216

[ 2021/05/30 12:17:20 ]   recv id:63947 qr:0

[ 2021/05/30 12:17:20 ]   info from client.

[ 2021/05/30 12:17:20 ]   change id from 63947 to 63

[ 2021/05/30 12:17:20 ]   recv id:31 qr:1

[ 2021/05/30 12:17:20 ]   Response info from server.

[ 2021/05/30 12:17:20 ]   send back 8946

[ 2021/05/30 12:17:20 ]   recv id:63 qr:1

[ 2021/05/30 12:17:20 ]   Response info from server.

[ 2021/05/30 12:17:20 ]   send back 63947

[ 2021/05/30 12:17:20 ]   recv id:58526 qr:0

[ 2021/05/30 12:17:20 ]   info from client.

[ 2021/05/30 12:17:20 ]   change id from 58526 to 31

[ 2021/05/30 12:17:20 ]   recv id:26750 qr:0

[ 2021/05/30 12:17:20 ]   info from client.

[ 2021/05/30 12:17:20 ]   change id from 26750 to 63

[ 2021/05/30 12:17:20 ]   recv id:50 qr:1

[ 2021/05/30 12:17:20 ]   Response info from server.

[ 2021/05/30 12:17:20 ]   recv id:63 qr:1

[ 2021/05/30 12:17:20 ]   Response info from server.

[ 2021/05/30 12:17:20 ]   send back 26750

[ 2021/05/30 12:17:20 ]   recv id:62 qr:1

[ 2021/05/30 12:17:20 ]   Response info from server.

[ 2021/05/30 12:17:20 ]   send back 1496

[ 2021/05/30 12:17:20 ]   recv id:61 qr:1

[ 2021/05/30 12:17:20 ]   Response info from server.

[ 2021/05/30 12:17:20 ]   send back 42906

[ 2021/05/30 12:17:20 ]   recv id:60 qr:1

[ 2021/05/30 12:17:20 ]   Response info from server.

[ 2021/05/30 12:17:20 ]   send back 45041

[ 2021/05/30 12:17:20 ]   recv id:63 qr:1

[ 2021/05/30 12:17:20 ]   Response info from server.

[ 2021/05/30 12:17:20 ]   recv id:63947 qr:0

[ 2021/05/30 12:17:20 ]   info from client.

[ 2021/05/30 12:17:20 ]   change id from 63947 to 63

[ 2021/05/30 12:17:20 ]   recv id:31 qr:1

[ 2021/05/30 12:17:20 ]   Response info from server.

[ 2021/05/30 12:17:20 ]   send back 58526

[ 2021/05/30 12:17:20 ]   recv id:63 qr:1

[ 2021/05/30 12:17:20 ]   Response info from server.

[ 2021/05/30 12:17:20 ]   send back 63947

[ 2021/05/30 12:17:20 ]   recv id:49290 qr:0

[ 2021/05/30 12:17:20 ]   info from client.

[ 2021/05/30 12:17:20 ]   change id from 49290 to 31

[ 2021/05/30 12:17:20 ]   recv id:63 qr:1

[ 2021/05/30 12:17:20 ]   Response info from server.

[ 2021/05/30 12:17:20 ]   recv id:63947 qr:0

[ 2021/05/30 12:17:20 ]   info from client.

[ 2021/05/30 12:17:20 ]   change id from 63947 to 63

[ 2021/05/30 12:17:20 ]   recv id:31 qr:1

[ 2021/05/30 12:17:20 ]   Response info from server.

[ 2021/05/30 12:17:20 ]   send back 49290

[ 2021/05/30 12:17:20 ]   recv id:63 qr:1

[ 2021/05/30 12:17:20 ]   Response info from server.

[ 2021/05/30 12:17:20 ]   send back 63947

[ 2021/05/30 12:17:21 ]   recv id:53 qr:1

[ 2021/05/30 12:17:21 ]   Response info from server.

[ 2021/05/30 12:17:22 ]   recv id:51174 qr:0

[ 2021/05/30 12:17:22 ]   info from client.

[ 2021/05/30 12:17:22 ]   change id from 51174 to 31

[ 2021/05/30 12:17:22 ]   recv id:31 qr:1

[ 2021/05/30 12:17:22 ]   Response info from server.

[ 2021/05/30 12:17:22 ]   send back 51174

[ 2021/05/30 12:17:22 ]   recv id:31985 qr:0

[ 2021/05/30 12:17:22 ]   info from client.

[ 2021/05/30 12:17:22 ]   change id from 31985 to 31

[ 2021/05/30 12:17:22 ]   recv id:31 qr:1

[ 2021/05/30 12:17:22 ]   Response info from server.

[ 2021/05/30 12:17:22 ]   send back 31985

[ 2021/05/30 12:17:23 ]   recv id:31379 qr:0

[ 2021/05/30 12:17:23 ]   info from client.

[ 2021/05/30 12:17:23 ]   change id from 31379 to 31

[ 2021/05/30 12:17:23 ]   recv id:31 qr:1

[ 2021/05/30 12:17:23 ]   Response info from server.

[ 2021/05/30 12:17:23 ]   send back 31379

[ 2021/05/30 12:17:23 ]   recv id:62840 qr:0

[ 2021/05/30 12:17:23 ]   info from client.

[ 2021/05/30 12:17:23 ]   change id from 62840 to 31

[ 2021/05/30 12:17:23 ]   recv id:31 qr:1

[ 2021/05/30 12:17:23 ]   Response info from server.

[ 2021/05/30 12:17:23 ]   send back 62840

[ 2021/05/30 12:17:24 ]   recv id:5788 qr:0

[ 2021/05/30 12:17:24 ]   info from client.

[ 2021/05/30 12:17:24 ]   change id from 5788 to 31

[ 2021/05/30 12:17:24 ]   recv id:31 qr:1

[ 2021/05/30 12:17:24 ]   Response info from server.

[ 2021/05/30 12:17:24 ]   send back 5788

[ 2021/05/30 12:17:24 ]   recv id:58058 qr:0

[ 2021/05/30 12:17:24 ]   info from client.

[ 2021/05/30 12:17:24 ]   change id from 58058 to 31

[ 2021/05/30 12:17:24 ]   recv id:31 qr:1

[ 2021/05/30 12:17:24 ]   Response info from server.

[ 2021/05/30 12:17:24 ]   send back 58058

[ 2021/05/30 12:17:25 ]   recv id:44578 qr:0

[ 2021/05/30 12:17:25 ]   info from client.

[ 2021/05/30 12:17:25 ]   change id from 44578 to 31

[ 2021/05/30 12:17:26 ]   recv id:28299 qr:0

[ 2021/05/30 12:17:26 ]   info from client.

[ 2021/05/30 12:17:26 ]   change id from 28299 to 63

[ 2021/05/30 12:17:26 ]   recv id:21134 qr:0

[ 2021/05/30 12:17:26 ]   info from client.

[ 2021/05/30 12:17:26 ]   change id from 21134 to 62

[ 2021/05/30 12:17:26 ]   recv id:2381 qr:0

[ 2021/05/30 12:17:26 ]   info from client.

[ 2021/05/30 12:17:26 ]   change id from 2381 to 61

[ 2021/05/30 12:17:26 ]   recv id:31 qr:1

[ 2021/05/30 12:17:26 ]   Response info from server.

[ 2021/05/30 12:17:26 ]   send back 44578

[ 2021/05/30 12:17:26 ]   recv id:63 qr:1

[ 2021/05/30 12:17:26 ]   Response info from server.

[ 2021/05/30 12:17:26 ]   send back 28299

[ 2021/05/30 12:17:26 ]   recv id:62 qr:1

[ 2021/05/30 12:17:26 ]   Response info from server.

[ 2021/05/30 12:17:26 ]   send back 21134

[ 2021/05/30 12:17:26 ]   recv id:61 qr:1

[ 2021/05/30 12:17:26 ]   Response info from server.

[ 2021/05/30 12:17:26 ]   send back 2381

[ 2021/05/30 12:17:29 ]   recv id:15036 qr:0

[ 2021/05/30 12:17:29 ]   info from client.

[ 2021/05/30 12:17:29 ]   change id from 15036 to 31

[ 2021/05/30 12:17:29 ]   recv id:31 qr:1

[ 2021/05/30 12:17:29 ]   Response info from server.

[ 2021/05/30 12:17:29 ]   send back 15036

[ 2021/05/30 12:17:32 ]   recv id:38930 qr:0

[ 2021/05/30 12:17:32 ]   info from client.

[ 2021/05/30 12:17:32 ]   change id from 38930 to 31

[ 2021/05/30 12:17:32 ]   recv id:31 qr:1

[ 2021/05/30 12:17:32 ]   Response info from server.

[ 2021/05/30 12:17:32 ]   send back 38930

[ 2021/05/30 12:17:33 ]   recv id:60041 qr:0

[ 2021/05/30 12:17:33 ]   info from client.

[ 2021/05/30 12:17:33 ]   change id from 60041 to 31

[ 2021/05/30 12:17:33 ]   recv id:31 qr:1

[ 2021/05/30 12:17:33 ]   Response info from server.

[ 2021/05/30 12:17:33 ]   send back 60041

[ 2021/05/30 12:17:33 ]   recv id:62730 qr:0

[ 2021/05/30 12:17:33 ]   info from client.

[ 2021/05/30 12:17:33 ]   change id from 62730 to 31

[ 2021/05/30 12:17:33 ]   recv id:31 qr:1

[ 2021/05/30 12:17:33 ]   Response info from server.

[ 2021/05/30 12:17:33 ]   send back 62730

[ 2021/05/30 12:17:33 ]   recv id:41486 qr:0

[ 2021/05/30 12:17:33 ]   info from client.

[ 2021/05/30 12:17:33 ]   change id from 41486 to 31

[ 2021/05/30 12:17:33 ]   recv id:31 qr:1

[ 2021/05/30 12:17:33 ]   Response info from server.

[ 2021/05/30 12:17:33 ]   send back 41486

[ 2021/05/30 12:17:33 ]   recv id:1514 qr:0

[ 2021/05/30 12:17:33 ]   info from client.

[ 2021/05/30 12:17:33 ]   change id from 1514 to 31

[ 2021/05/30 12:17:33 ]   recv id:31 qr:1

[ 2021/05/30 12:17:33 ]   Response info from server.

[ 2021/05/30 12:17:33 ]   send back 1514

[ 2021/05/30 12:17:33 ]   recv id:28154 qr:0

[ 2021/05/30 12:17:33 ]   info from client.

[ 2021/05/30 12:17:33 ]   change id from 28154 to 31

[ 2021/05/30 12:17:34 ]   recv id:31 qr:1

[ 2021/05/30 12:17:34 ]   Response info from server.

[ 2021/05/30 12:17:34 ]   send back 28154

[ 2021/05/30 12:17:34 ]   recv id:39676 qr:0

[ 2021/05/30 12:17:34 ]   info from client.

[ 2021/05/30 12:17:34 ]   change id from 39676 to 31

[ 2021/05/30 12:17:34 ]   recv id:31 qr:1

[ 2021/05/30 12:17:34 ]   Response info from server.

[ 2021/05/30 12:17:34 ]   send back 39676

[ 2021/05/30 12:17:34 ]   recv id:51870 qr:0

[ 2021/05/30 12:17:34 ]   info from client.

[ 2021/05/30 12:17:34 ]   change id from 51870 to 31

[ 2021/05/30 12:17:34 ]   recv id:31 qr:1

[ 2021/05/30 12:17:34 ]   Response info from server.

[ 2021/05/30 12:17:34 ]   send back 51870

[ 2021/05/30 12:17:41 ]   recv id:39381 qr:0

[ 2021/05/30 12:17:41 ]   info from client.

[ 2021/05/30 12:17:41 ]   change id from 39381 to 31

[ 2021/05/30 12:17:42 ]   recv id:31 qr:1

[ 2021/05/30 12:17:42 ]   Response info from server.

[ 2021/05/30 12:17:42 ]   send back 39381

[ 2021/05/30 12:17:45 ]   recv id:62502 qr:0

[ 2021/05/30 12:17:45 ]   info from client.

[ 2021/05/30 12:17:45 ]   change id from 62502 to 31

[ 2021/05/30 12:17:45 ]   recv id:31 qr:1

[ 2021/05/30 12:17:45 ]   Response info from server.

[ 2021/05/30 12:17:45 ]   send back 62502

[ 2021/05/30 12:18:15 ]   recv id:63774 qr:0

[ 2021/05/30 12:18:15 ]   info from client.

[ 2021/05/30 12:18:15 ]   change id from 63774 to 31

[ 2021/05/30 12:18:15 ]   recv id:31 qr:1

[ 2021/05/30 12:18:15 ]   Response info from server.

[ 2021/05/30 12:18:15 ]   send back 63774

[ 2021/05/30 12:18:17 ]   recv id:56837 qr:0

[ 2021/05/30 12:18:17 ]   info from client.

[ 2021/05/30 12:18:17 ]   change id from 56837 to 31

[ 2021/05/30 12:18:17 ]   recv id:31 qr:1

[ 2021/05/30 12:18:17 ]   Response info from server.

[ 2021/05/30 12:18:17 ]   send back 56837

[ 2021/05/30 12:18:19 ]   recv id:32031 qr:0

[ 2021/05/30 12:18:19 ]   info from client.

[ 2021/05/30 12:18:19 ]   change id from 32031 to 31

[ 2021/05/30 12:18:19 ]   recv id:56931 qr:0

[ 2021/05/30 12:18:19 ]   info from client.

[ 2021/05/30 12:18:19 ]   change id from 56931 to 63

[ 2021/05/30 12:18:19 ]   recv id:15215 qr:0

[ 2021/05/30 12:18:19 ]   info from client.

[ 2021/05/30 12:18:19 ]   change id from 15215 to 62

[ 2021/05/30 12:18:19 ]   recv id:37323 qr:0

[ 2021/05/30 12:18:19 ]   info from client.

[ 2021/05/30 12:18:19 ]   change id from 37323 to 61

[ 2021/05/30 12:18:19 ]   recv id:63 qr:1

[ 2021/05/30 12:18:19 ]   Response info from server.

[ 2021/05/30 12:18:19 ]   send back 56931

[ 2021/05/30 12:18:19 ]   recv id:62 qr:1

[ 2021/05/30 12:18:19 ]   Response info from server.

[ 2021/05/30 12:18:19 ]   send back 15215

[ 2021/05/30 12:18:19 ]   recv id:61 qr:1

[ 2021/05/30 12:18:20 ]   Response info from server.

[ 2021/05/30 12:18:20 ]   send back 37323

[ 2021/05/30 12:18:20 ]   recv id:31 qr:1

[ 2021/05/30 12:18:20 ]   Response info from server.

[ 2021/05/30 12:18:20 ]   send back 32031

[ 2021/05/30 12:18:33 ]   recv id:55725 qr:0

[ 2021/05/30 12:18:33 ]   info from client.

[ 2021/05/30 12:18:33 ]   change id from 55725 to 31

[ 2021/05/30 12:18:33 ]   recv id:31 qr:1

[ 2021/05/30 12:18:33 ]   Response info from server.

[ 2021/05/30 12:18:33 ]   send back 55725
