
Start Time : 2021/06/02 22:34:28 

[ 2021/06/02 22:34:30 ]   >>recv id:27599 qr:0 ancount:0 qdcount:1 from IP 127.0.0.1

[ 2021/06/02 22:34:30 ]   info from client.

[ 2021/06/02 22:34:30 ]   change id from 27599 to 0 and send to Server

[ 2021/06/02 22:34:30 ]   >>recv id:27599 qr:0 ancount:0 qdcount:1 from IP 127.0.0.1

[ 2021/06/02 22:34:30 ]   info from client.

[ 2021/06/02 22:34:30 ]   change id from 27599 to 1 and send to Server

[ 2021/06/02 22:34:30 ]   >>recv id:0 qr:1 ancount:7 qdcount:1 from IP 10.3.9.44

[ 2021/06/02 22:34:30 ]   Response info from server.

[ 2021/06/02 22:34:30 ]    xxxxxx

[ 2021/06/02 22:34:30 ]   find 7 IP

[ 2021/06/02 22:34:30 ]   send back id 27599 to client IP: 127.0.0.1

[ 2021/06/02 22:34:30 ]   >>recv id:1 qr:1 ancount:7 qdcount:1 from IP 10.3.9.44

[ 2021/06/02 22:34:30 ]   Response info from server.

[ 2021/06/02 22:34:30 ]    xxxxxx

[ 2021/06/02 22:34:30 ]   find 7 IP

[ 2021/06/02 22:34:30 ]   send back id 27599 to client IP: 127.0.0.1

[ 2021/06/02 22:34:30 ]   >>recv id:51823 qr:0 ancount:0 qdcount:1 from IP 127.0.0.1

[ 2021/06/02 22:34:30 ]   info from client.

[ 2021/06/02 22:34:30 ]   change id from 51823 to 0 and send to Server

[ 2021/06/02 22:34:30 ]   >>recv -1 from ip: 127.0.0.1 port:58521 -id 0

[ 2021/06/02 22:34:30 ]   >>recv id:0 qr:1 ancount:4 qdcount:1 from IP 10.3.9.44

[ 2021/06/02 22:34:30 ]   Response info from server.

[ 2021/06/02 22:34:30 ]    xxxxxx

[ 2021/06/02 22:34:30 ]   find 4 IP

[ 2021/06/02 22:34:30 ]   send back id 51823 to client IP: 127.0.0.1

[ 2021/06/02 22:34:30 ]   >>recv id:60474 qr:0 ancount:0 qdcount:1 from IP 127.0.0.1

[ 2021/06/02 22:34:30 ]   info from client.

[ 2021/06/02 22:34:30 ]   change id from 60474 to 0 and send to Server

[ 2021/06/02 22:34:30 ]   >>recv id:0 qr:1 ancount:3 qdcount:1 from IP 10.3.9.44

[ 2021/06/02 22:34:30 ]   Response info from server.

[ 2021/06/02 22:34:30 ]    xxxxxx

[ 2021/06/02 22:34:30 ]   find 1 IP

[ 2021/06/02 22:34:30 ]   send back id 60474 to client IP: 127.0.0.1

[ 2021/06/02 22:34:33 ]   >>recv id:8045 qr:0 ancount:0 qdcount:1 from IP 127.0.0.1

[ 2021/06/02 22:34:33 ]   info from client.

[ 2021/06/02 22:34:33 ]   change id from 8045 to 0 and send to Server

[ 2021/06/02 22:34:33 ]   >>recv id:0 qr:1 ancount:10 qdcount:1 from IP 10.3.9.44

[ 2021/06/02 22:34:33 ]   Response info from server.

[ 2021/06/02 22:34:33 ]    xxxxxx

[ 2021/06/02 22:34:33 ]   find 9 IP

[ 2021/06/02 22:34:33 ]   send back id 8045 to client IP: 127.0.0.1

[ 2021/06/02 22:34:36 ]   >>recv id:38 qr:0 ancount:0 qdcount:1 from IP 127.0.0.1

[ 2021/06/02 22:34:36 ]   info from client.

[ 2021/06/02 22:34:36 ]   change id from 38 to 0 and send to Server

[ 2021/06/02 22:34:36 ]   >>recv id:0 qr:1 ancount:2 qdcount:1 from IP 10.3.9.44

[ 2021/06/02 22:34:36 ]   Response info from server.

[ 2021/06/02 22:34:36 ]    xxxxxx

[ 2021/06/02 22:34:36 ]   find 2 IP

[ 2021/06/02 22:34:36 ]   send back id 38 to client IP: 127.0.0.1

[ 2021/06/02 22:34:36 ]   >>recv id:39 qr:0 ancount:0 qdcount:1 from IP 127.0.0.1

[ 2021/06/02 22:34:36 ]   info from client.

[ 2021/06/02 22:34:36 ]   find url : baiducom

[ 2021/06/02 22:34:36 ]   add 2 answers

[ 2021/06/02 22:34:36 ]   send a local or chache info : url [baiducom] to ip 127.0.0.1

[ 2021/06/02 22:34:36 ]    yyyyyyyy

[ 2021/06/02 22:34:38 ]   >>recv id:27147 qr:0 ancount:0 qdcount:1 from IP 127.0.0.1

[ 2021/06/02 22:34:38 ]   info from client.

[ 2021/06/02 22:34:38 ]   change id from 27147 to 0 and send to Server

[ 2021/06/02 22:34:38 ]   >>recv id:0 qr:1 ancount:1 qdcount:1 from IP 10.3.9.44

[ 2021/06/02 22:34:38 ]   Response info from server.

[ 2021/06/02 22:34:38 ]    xxxxxx

[ 2021/06/02 22:34:38 ]   find 1 IP

[ 2021/06/02 22:34:38 ]   send back id 27147 to client IP: 127.0.0.1

[ 2021/06/02 22:34:38 ]   >>recv id:42246 qr:0 ancount:0 qdcount:1 from IP 127.0.0.1

[ 2021/06/02 22:34:38 ]   info from client.

[ 2021/06/02 22:34:38 ]   change id from 42246 to 0 and send to Server

[ 2021/06/02 22:34:38 ]   >>recv id:42246 qr:0 ancount:0 qdcount:1 from IP 127.0.0.