a:\programer\音乐\albert_c\vs-c\dns\dns\x64\debug\vc142.pdb
a:\programer\音乐\albert_c\vs-c\dns\dns\x64\debug\vc142.idb
a:\programer\音乐\albert_c\vs-c\dns\dns\x64\debug\register.obj
a:\programer\音乐\albert_c\vs-c\dns\dns\x64\debug\test2.obj
a:\programer\音乐\albert_c\vs-c\dns\dns\x64\debug\test1.obj
a:\programer\音乐\albert_c\vs-c\dns\dns\x64\debug\sock.obj
a:\programer\音乐\albert_c\vs-c\dns\dns\x64\debug\processcontrol.obj
a:\programer\音乐\albert_c\vs-c\dns\dns\x64\debug\log.obj
a:\programer\音乐\albert_c\vs-c\dns\dns\x64\debug\dnsrelay.obj
a:\programer\音乐\albert_c\vs-c\dns\dns\x64\debug\dnsinfo.obj
a:\programer\音乐\albert_c\vs-c\dns\dns\x64\debug\header.obj
a:\programer\音乐\albert_c\vs-c\dns\dns\x64\debug\test3.obj
a:\programer\音乐\albert_c\vs-c\dns\x64\debug\dns.exe
a:\programer\音乐\albert_c\vs-c\dns\x64\debug\dns.ilk
a:\programer\音乐\albert_c\vs-c\dns\x64\debug\dns.pdb
a:\programer\音乐\albert_c\vs-c\dns\dns\x64\debug\dns.obj
a:\programer\音乐\albert_c\vs-c\dns\dns\x64\debug\dns.tlog\cl.command.1.tlog
a:\programer\音乐\albert_c\vs-c\dns\dns\x64\debug\dns.tlog\cl.read.1.tlog
a:\programer\音乐\albert_c\vs-c\dns\dns\x64\debug\dns.tlog\cl.write.1.tlog
a:\programer\音乐\albert_c\vs-c\dns\dns\x64\debug\dns.tlog\link.command.1.tlog
a:\programer\音乐\albert_c\vs-c\dns\dns\x64\debug\dns.tlog\link.read.1.tlog
a:\programer\音乐\albert_c\vs-c\dns\dns\x64\debug\dns.tlog\link.write.1.tlog
